<?xml version="1.0" encoding="UTF-8"?>
<testsuites name="jest tests" tests="53" failures="0" errors="0" time="1.615">
  <testsuite name="toRelativePath" errors="0" failures="0" skipped="0" timestamp="2025-12-19T00:39:48" time="1.086" tests="53">
    <testcase classname="toRelativePath should convert path inside server root to relative path" name="toRelativePath should convert path inside server root to relative path" time="0.002">
    </testcase>
    <testcase classname="toRelativePath should handle nested paths" name="toRelativePath should handle nested paths" time="0">
    </testcase>
    <testcase classname="toRelativePath should return null for paths outside server root" name="toRelativePath should return null for paths outside server root" time="0.001">
    </testcase>
    <testcase classname="toRelativePath should return empty string for server root itself" name="toRelativePath should return empty string for server root itself" time="0">
    </testcase>
    <testcase classname="toRelativePath should handle paths with trailing slashes" name="toRelativePath should handle paths with trailing slashes" time="0">
    </testcase>
    <testcase classname="toRelativePath should handle multiple trailing slashes" name="toRelativePath should handle multiple trailing slashes" time="0">
    </testcase>
    <testcase classname="toRelativePath should expand tilde in server root" name="toRelativePath should expand tilde in server root" time="0">
    </testcase>
    <testcase classname="toRelativePath should expand ~/path in server root" name="toRelativePath should expand ~/path in server root" time="0">
    </testcase>
    <testcase classname="expandTilde should expand ~ to home directory from Linux path" name="expandTilde should expand ~ to home directory from Linux path" time="0">
    </testcase>
    <testcase classname="expandTilde should expand ~/path to full path" name="expandTilde should expand ~/path to full path" time="0.001">
    </testcase>
    <testcase classname="expandTilde should return path unchanged if no tilde" name="expandTilde should return path unchanged if no tilde" time="0">
    </testcase>
    <testcase classname="expandTilde should handle macOS-style paths" name="expandTilde should handle macOS-style paths" time="0">
    </testcase>
    <testcase classname="expandTilde should handle ~/path on macOS" name="expandTilde should handle ~/path on macOS" time="0">
    </testcase>
    <testcase classname="expandTilde should return path unchanged if home dir not extractable" name="expandTilde should return path unchanged if home dir not extractable" time="0">
    </testcase>
    <testcase classname="expandTilde should handle tilde-prefixed username (edge case)" name="expandTilde should handle tilde-prefixed username (edge case)" time="0">
    </testcase>
    <testcase classname="isLocalVenvEnvironment should detect .venv in Unix paths" name="isLocalVenvEnvironment should detect .venv in Unix paths" time="0">
    </testcase>
    <testcase classname="isLocalVenvEnvironment should detect .venv in Windows paths" name="isLocalVenvEnvironment should detect .venv in Windows paths" time="0">
    </testcase>
    <testcase classname="isLocalVenvEnvironment should reject paths without .venv" name="isLocalVenvEnvironment should reject paths without .venv" time="0">
    </testcase>
    <testcase classname="isLocalVenvEnvironment should reject conda environments" name="isLocalVenvEnvironment should reject conda environments" time="0">
    </testcase>
    <testcase classname="isLocalVenvEnvironment should handle nested .venv paths" name="isLocalVenvEnvironment should handle nested .venv paths" time="0">
    </testcase>
    <testcase classname="isLocalVenvEnvironment should reject virtualenv without dot prefix" name="isLocalVenvEnvironment should reject virtualenv without dot prefix" time="0">
    </testcase>
    <testcase classname="isLocalVenvEnvironment should detect .venv at start of relative path" name="isLocalVenvEnvironment should detect .venv at start of relative path" time="0">
    </testcase>
    <testcase classname="command IDs should have correct show in browser command ID" name="command IDs should have correct show in browser command ID" time="0.001">
    </testcase>
    <testcase classname="command IDs should have correct open terminal command ID" name="command IDs should have correct open terminal command ID" time="0">
    </testcase>
    <testcase classname="command IDs should have correct unregister kernel command ID" name="command IDs should have correct unregister kernel command ID" time="0">
    </testcase>
    <testcase classname="command IDs should have correct remove environment command ID" name="command IDs should have correct remove environment command ID" time="0">
    </testcase>
    <testcase classname="IKernelPathResponse interface should match expected structure for system kernel" name="IKernelPathResponse interface should match expected structure for system kernel" time="0">
    </testcase>
    <testcase classname="IKernelPathResponse interface should handle venv kernel response" name="IKernelPathResponse interface should handle venv kernel response" time="0.001">
    </testcase>
    <testcase classname="IKernelPathResponse interface should handle error response" name="IKernelPathResponse interface should handle error response" time="0">
    </testcase>
    <testcase classname="IVenvEnvironment interface should match expected structure for venv" name="IVenvEnvironment interface should match expected structure for venv" time="0">
    </testcase>
    <testcase classname="IVenvEnvironment interface should distinguish conda from venv environments" name="IVenvEnvironment interface should distinguish conda from venv environments" time="0">
    </testcase>
    <testcase classname="IVenvEnvironment interface should handle custom name" name="IVenvEnvironment interface should handle custom name" time="0.001">
    </testcase>
    <testcase classname="IVenvEnvironment interface should handle non-existent environment" name="IVenvEnvironment interface should handle non-existent environment" time="0">
    </testcase>
    <testcase classname="display name matching logic should match environment name in &quot;Python (envname)&quot; pattern" name="display name matching logic should match environment name in &quot;Python (envname)&quot; pattern" time="0">
    </testcase>
    <testcase classname="display name matching logic should match environment name in &quot;Python 3 (envname)&quot; pattern" name="display name matching logic should match environment name in &quot;Python 3 (envname)&quot; pattern" time="0">
    </testcase>
    <testcase classname="display name matching logic should match custom name exactly" name="display name matching logic should match custom name exactly" time="0">
    </testcase>
    <testcase classname="display name matching logic should match custom name when env name does not match" name="display name matching logic should match custom name when env name does not match" time="0">
    </testcase>
    <testcase classname="display name matching logic should not match unrelated names" name="display name matching logic should not match unrelated names" time="0">
    </testcase>
    <testcase classname="display name matching logic should not match when both env and custom name are empty" name="display name matching logic should not match when both env and custom name are empty" time="0.001">
    </testcase>
    <testcase classname="display name matching logic should handle partial matches in env name" name="display name matching logic should handle partial matches in env name" time="0">
    </testcase>
    <testcase classname="path handling edge cases should handle relative paths (already relative)" name="path handling edge cases should handle relative paths (already relative)" time="0">
    </testcase>
    <testcase classname="path handling edge cases should handle empty server root" name="path handling edge cases should handle empty server root" time="0">
    </testcase>
    <testcase classname="path handling edge cases should handle home-relative path extraction" name="path handling edge cases should handle home-relative path extraction" time="0">
    </testcase>
    <testcase classname="path handling edge cases should handle macOS home-relative path extraction" name="path handling edge cases should handle macOS home-relative path extraction" time="0">
    </testcase>
    <testcase classname="path handling edge cases should not extract from non-home paths" name="path handling edge cases should not extract from non-home paths" time="0.001">
    </testcase>
    <testcase classname="IUnregisterResponse interface should handle successful unregister" name="IUnregisterResponse interface should handle successful unregister" time="0">
    </testcase>
    <testcase classname="IUnregisterResponse interface should handle failed unregister" name="IUnregisterResponse interface should handle failed unregister" time="0">
    </testcase>
    <testcase classname="schema/plugin.json menu configuration should have jupyter.lab.menus configuration" name="schema/plugin.json menu configuration should have jupyter.lab.menus configuration" time="0">
    </testcase>
    <testcase classname="schema/plugin.json menu configuration should have main menu configuration" name="schema/plugin.json menu configuration should have main menu configuration" time="0">
    </testcase>
    <testcase classname="schema/plugin.json menu configuration should have Kernel menu item targeting jp-mainmenu-kernel" name="schema/plugin.json menu configuration should have Kernel menu item targeting jp-mainmenu-kernel" time="0">
    </testcase>
    <testcase classname="schema/plugin.json menu configuration should have nb_venv_kernels:scan command in Kernel menu" name="schema/plugin.json menu configuration should have nb_venv_kernels:scan command in Kernel menu" time="0.001">
    </testcase>
    <testcase classname="schema/plugin.json menu configuration should have context menu configuration" name="schema/plugin.json menu configuration should have context menu configuration" time="0">
    </testcase>
    <testcase classname="schema/plugin.json menu configuration should have all context menu commands for .jp-LauncherCard" name="schema/plugin.json menu configuration should have all context menu commands for .jp-LauncherCard" time="0">
    </testcase>
  </testsuite>
</testsuites>