<?xml version="1.0" encoding="utf-8"?><testsuites><testsuite name="pytest" errors="1" failures="0" skipped="0" tests="1" time="0.700" timestamp="2025-11-26T12:25:39.437077+01:00" hostname="OLI-OMEN"><testcase classname="" name="tests.test_pyword" time="0.000"><error message="collection failure">ImportError while importing test module '/media/olivier/ssd1T/dev/kairntech/pyconverters_pyword/tests/test_pyword.py'.
Hint: make sure your test modules/packages have valid Python names.
Traceback:
../../../.pyenv/versions/3.8.2/lib/python3.8/importlib/__init__.py:127: in import_module
    return _bootstrap._gcd_import(name[level:], package, level)
tests/test_pyword.py:6: in &lt;module&gt;
    from pyconverters_pyword.pyword import PyWordConverter, PyWordParameters
.tox/report/lib/python3.8/site-packages/pyconverters_pyword/pyword.py:8: in &lt;module&gt;
    from filetype import filetype
E   ModuleNotFoundError: No module named 'filetype'</error></testcase></testsuite></testsuites>