<?xml version="1.0" encoding="utf-8"?><testsuites name="pytest tests"><testsuite name="pytest" errors="0" failures="0" skipped="0" tests="10" time="1.879" timestamp="2025-12-16T08:54:34.025201+00:00" hostname="runner-yvstsvvoz-project-65551468-concurrent-0"><testcase classname="tests.test_caps" name="test_method" time="0.616" /><testcase classname="tests.test_caps" name="test_complex_signature" time="0.015" /><testcase classname="tests.test_caps" name="test_arg" time="0.023" /><testcase classname="tests.test_caps" name="test_force_remote_local" time="0.007" /><testcase classname="tests.test_caps" name="test_arg_from_annotation" time="0.008" /><testcase classname="tests.test_caps" name="test_annotated_callable" time="0.000" /><testcase classname="tests.test_events" name="test_local_callback_on_LocalHERO" time="0.003" /><testcase classname="tests.test_events" name="test_local_callback_on_RemoteHERO" time="0.002" /><testcase classname="tests.test_heros" name="test_create_destroy" time="0.300" /><testcase classname="tests.test_serdes" name="test_ndarray" time="0.003" /></testsuite></testsuites>