<?xml version="1.0" ?>
<coverage version="7.13.0" timestamp="1765683223373" lines-valid="321" lines-covered="285" line-rate="0.8879" branches-covered="0" branches-valid="0" branch-rate="0" complexity="0">
	<!-- Generated by coverage.py: https://coverage.readthedocs.io/en/7.13.0 -->
	<!-- Based on https://raw.githubusercontent.com/cobertura/web/master/htdocs/xml/coverage-04.dtd -->
	<sources>
		<source>/app</source>
	</sources>
	<packages>
		<package name="python.eo_processor" line-rate="0.8879" branch-rate="0" complexity="0">
			<classes>
				<class name="__init__.py" filename="python/eo_processor/__init__.py" complexity="0" line-rate="0.9619" branch-rate="0">
					<methods/>
					<lines>
						<line number="12" hits="1"/>
						<line number="54" hits="1"/>
						<line number="55" hits="1"/>
						<line number="56" hits="1"/>
						<line number="57" hits="1"/>
						<line number="60" hits="1"/>
						<line number="77" hits="1"/>
						<line number="79" hits="1"/>
						<line number="81" hits="1"/>
						<line number="82" hits="1"/>
						<line number="83" hits="1"/>
						<line number="85" hits="1"/>
						<line number="88" hits="1"/>
						<line number="90" hits="1"/>
						<line number="138" hits="1"/>
						<line number="142" hits="1"/>
						<line number="145" hits="1"/>
						<line number="149" hits="1"/>
						<line number="152" hits="1"/>
						<line number="156" hits="1"/>
						<line number="159" hits="1"/>
						<line number="163" hits="1"/>
						<line number="166" hits="1"/>
						<line number="171" hits="1"/>
						<line number="174" hits="1"/>
						<line number="178" hits="1"/>
						<line number="181" hits="1"/>
						<line number="187" hits="0"/>
						<line number="190" hits="1"/>
						<line number="193" hits="1"/>
						<line number="204" hits="1"/>
						<line number="207" hits="1"/>
						<line number="218" hits="1"/>
						<line number="221" hits="1"/>
						<line number="232" hits="1"/>
						<line number="235" hits="1"/>
						<line number="246" hits="1"/>
						<line number="249" hits="1"/>
						<line number="260" hits="1"/>
						<line number="263" hits="1"/>
						<line number="267" hits="1"/>
						<line number="270" hits="1"/>
						<line number="301" hits="1"/>
						<line number="302" hits="1"/>
						<line number="305" hits="1"/>
						<line number="323" hits="1"/>
						<line number="326" hits="1"/>
						<line number="344" hits="1"/>
						<line number="347" hits="1"/>
						<line number="369" hits="1"/>
						<line number="372" hits="1"/>
						<line number="392" hits="0"/>
						<line number="395" hits="1"/>
						<line number="415" hits="1"/>
						<line number="418" hits="1"/>
						<line number="436" hits="1"/>
						<line number="439" hits="1"/>
						<line number="443" hits="1"/>
						<line number="447" hits="1"/>
						<line number="450" hits="1"/>
						<line number="466" hits="1"/>
						<line number="469" hits="1"/>
						<line number="503" hits="1"/>
						<line number="504" hits="1"/>
						<line number="505" hits="1"/>
						<line number="506" hits="1"/>
						<line number="507" hits="1"/>
						<line number="508" hits="1"/>
						<line number="510" hits="1"/>
						<line number="513" hits="1"/>
						<line number="531" hits="1"/>
						<line number="534" hits="1"/>
						<line number="553" hits="1"/>
						<line number="556" hits="1"/>
						<line number="571" hits="1"/>
						<line number="574" hits="1"/>
						<line number="579" hits="1"/>
						<line number="582" hits="1"/>
						<line number="586" hits="1"/>
						<line number="589" hits="1"/>
						<line number="613" hits="1"/>
						<line number="616" hits="1"/>
						<line number="641" hits="1"/>
						<line number="644" hits="1"/>
						<line number="660" hits="1"/>
						<line number="663" hits="1"/>
						<line number="683" hits="1"/>
						<line number="686" hits="1"/>
						<line number="704" hits="1"/>
						<line number="707" hits="1"/>
						<line number="727" hits="1"/>
						<line number="730" hits="1"/>
						<line number="750" hits="1"/>
						<line number="753" hits="1"/>
						<line number="796" hits="1"/>
						<line number="799" hits="1"/>
						<line number="819" hits="1"/>
						<line number="822" hits="1"/>
						<line number="849" hits="1"/>
						<line number="854" hits="1"/>
						<line number="872" hits="1"/>
						<line number="881" hits="1"/>
						<line number="897" hits="0"/>
						<line number="900" hits="1"/>
						<line number="918" hits="0"/>
					</lines>
				</class>
				<class name="cli.py" filename="python/eo_processor/cli.py" complexity="0" line-rate="0.8519" branch-rate="0">
					<methods/>
					<lines>
						<line number="32" hits="1"/>
						<line number="34" hits="1"/>
						<line number="35" hits="1"/>
						<line number="36" hits="1"/>
						<line number="37" hits="1"/>
						<line number="38" hits="1"/>
						<line number="40" hits="1"/>
						<line number="43" hits="1"/>
						<line number="59" hits="1"/>
						<line number="60" hits="1"/>
						<line number="63" hits="1"/>
						<line number="66" hits="1"/>
						<line number="70" hits="1"/>
						<line number="73" hits="1"/>
						<line number="74" hits="1"/>
						<line number="75" hits="1"/>
						<line number="76" hits="1"/>
						<line number="77" hits="1"/>
						<line number="78" hits="1"/>
						<line number="80" hits="1"/>
						<line number="81" hits="0"/>
						<line number="87" hits="1"/>
						<line number="129" hits="1"/>
						<line number="130" hits="1"/>
						<line number="134" hits="1"/>
						<line number="140" hits="1"/>
						<line number="141" hits="1"/>
						<line number="142" hits="1"/>
						<line number="143" hits="1"/>
						<line number="144" hits="1"/>
						<line number="145" hits="1"/>
						<line number="146" hits="1"/>
						<line number="147" hits="1"/>
						<line number="149" hits="1"/>
						<line number="150" hits="1"/>
						<line number="151" hits="1"/>
						<line number="152" hits="1"/>
						<line number="153" hits="1"/>
						<line number="154" hits="1"/>
						<line number="156" hits="1"/>
						<line number="163" hits="1"/>
						<line number="168" hits="1"/>
						<line number="172" hits="1"/>
						<line number="176" hits="1"/>
						<line number="180" hits="1"/>
						<line number="186" hits="1"/>
						<line number="193" hits="1"/>
						<line number="198" hits="1"/>
						<line number="203" hits="1"/>
						<line number="206" hits="1"/>
						<line number="207" hits="1"/>
						<line number="208" hits="1"/>
						<line number="209" hits="1"/>
						<line number="210" hits="1"/>
						<line number="213" hits="1"/>
						<line number="214" hits="1"/>
						<line number="215" hits="0"/>
						<line number="216" hits="1"/>
						<line number="217" hits="1"/>
						<line number="218" hits="1"/>
						<line number="219" hits="1"/>
						<line number="220" hits="1"/>
						<line number="221" hits="1"/>
						<line number="224" hits="1"/>
						<line number="225" hits="1"/>
						<line number="226" hits="0"/>
						<line number="227" hits="1"/>
						<line number="230" hits="1"/>
						<line number="233" hits="1"/>
						<line number="234" hits="1"/>
						<line number="235" hits="1"/>
						<line number="236" hits="1"/>
						<line number="237" hits="1"/>
						<line number="238" hits="1"/>
						<line number="239" hits="1"/>
						<line number="242" hits="1"/>
						<line number="243" hits="1"/>
						<line number="244" hits="1"/>
						<line number="245" hits="0"/>
						<line number="246" hits="0"/>
						<line number="247" hits="0"/>
						<line number="248" hits="1"/>
						<line number="249" hits="1"/>
						<line number="250" hits="1"/>
						<line number="251" hits="1"/>
						<line number="252" hits="1"/>
						<line number="253" hits="1"/>
						<line number="254" hits="0"/>
						<line number="255" hits="0"/>
						<line number="256" hits="0"/>
						<line number="257" hits="1"/>
						<line number="258" hits="1"/>
						<line number="259" hits="0"/>
						<line number="261" hits="1"/>
						<line number="262" hits="1"/>
						<line number="263" hits="1"/>
						<line number="264" hits="1"/>
						<line number="267" hits="1"/>
						<line number="271" hits="1"/>
						<line number="272" hits="1"/>
						<line number="273" hits="1"/>
						<line number="274" hits="0"/>
						<line number="275" hits="1"/>
						<line number="276" hits="1"/>
						<line number="277" hits="1"/>
						<line number="278" hits="0"/>
						<line number="279" hits="1"/>
						<line number="280" hits="0"/>
						<line number="281" hits="1"/>
						<line number="282" hits="1"/>
						<line number="283" hits="1"/>
						<line number="284" hits="0"/>
						<line number="285" hits="1"/>
						<line number="286" hits="0"/>
						<line number="287" hits="1"/>
						<line number="288" hits="0"/>
						<line number="289" hits="1"/>
						<line number="290" hits="0"/>
						<line number="291" hits="1"/>
						<line number="292" hits="0"/>
						<line number="298" hits="1"/>
						<line number="299" hits="1"/>
						<line number="305" hits="0"/>
						<line number="308" hits="1"/>
						<line number="309" hits="1"/>
						<line number="310" hits="1"/>
						<line number="311" hits="1"/>
						<line number="312" hits="1"/>
						<line number="313" hits="1"/>
						<line number="314" hits="1"/>
						<line number="315" hits="1"/>
						<line number="316" hits="1"/>
						<line number="319" hits="1"/>
						<line number="320" hits="1"/>
						<line number="321" hits="1"/>
						<line number="323" hits="1"/>
						<line number="324" hits="1"/>
						<line number="325" hits="1"/>
						<line number="327" hits="1"/>
						<line number="328" hits="0"/>
						<line number="330" hits="1"/>
						<line number="331" hits="1"/>
						<line number="333" hits="1"/>
						<line number="334" hits="1"/>
						<line number="335" hits="1"/>
						<line number="336" hits="1"/>
						<line number="337" hits="1"/>
						<line number="338" hits="1"/>
						<line number="341" hits="1"/>
						<line number="342" hits="1"/>
						<line number="343" hits="1"/>
						<line number="344" hits="1"/>
						<line number="345" hits="0"/>
						<line number="346" hits="0"/>
						<line number="347" hits="0"/>
						<line number="350" hits="1"/>
						<line number="367" hits="1"/>
						<line number="368" hits="1"/>
						<line number="369" hits="1"/>
						<line number="370" hits="1"/>
						<line number="371" hits="1"/>
						<line number="372" hits="1"/>
						<line number="374" hits="1"/>
						<line number="375" hits="1"/>
						<line number="376" hits="1"/>
						<line number="377" hits="1"/>
						<line number="378" hits="1"/>
						<line number="379" hits="1"/>
						<line number="381" hits="1"/>
						<line number="382" hits="1"/>
						<line number="383" hits="1"/>
						<line number="384" hits="1"/>
						<line number="385" hits="1"/>
						<line number="386" hits="1"/>
						<line number="387" hits="1"/>
						<line number="388" hits="1"/>
						<line number="389" hits="1"/>
						<line number="390" hits="1"/>
						<line number="392" hits="1"/>
						<line number="393" hits="1"/>
						<line number="394" hits="1"/>
						<line number="395" hits="1"/>
						<line number="396" hits="0"/>
						<line number="397" hits="0"/>
						<line number="398" hits="1"/>
						<line number="399" hits="1"/>
						<line number="400" hits="1"/>
						<line number="401" hits="1"/>
						<line number="403" hits="0"/>
						<line number="404" hits="0"/>
						<line number="405" hits="0"/>
						<line number="406" hits="1"/>
						<line number="407" hits="1"/>
						<line number="408" hits="1"/>
						<line number="409" hits="1"/>
						<line number="410" hits="0"/>
						<line number="411" hits="0"/>
						<line number="412" hits="0"/>
						<line number="414" hits="1"/>
						<line number="415" hits="1"/>
						<line number="416" hits="1"/>
						<line number="418" hits="1"/>
						<line number="419" hits="1"/>
						<line number="420" hits="1"/>
						<line number="421" hits="1"/>
						<line number="422" hits="1"/>
						<line number="423" hits="1"/>
						<line number="424" hits="1"/>
						<line number="427" hits="1"/>
						<line number="428" hits="1"/>
						<line number="429" hits="1"/>
						<line number="430" hits="1"/>
						<line number="432" hits="1"/>
						<line number="433" hits="1"/>
						<line number="436" hits="1"/>
						<line number="437" hits="0"/>
					</lines>
				</class>
			</classes>
		</package>
	</packages>
</coverage>
