C:\Users\Mike\AppData\Local\Python\pythoncore-3.14-64\Lib\site-packages\langsmith\schemas.py:23: UserWarning: Core Pydantic V1 functionality isn't compatible with Python 3.14 or greater.
  from pydantic.v1 import (
============================= test session starts =============================
platform win32 -- Python 3.14.1, pytest-9.0.1, pluggy-1.6.0 -- C:\Users\Mike\AppData\Local\Python\pythoncore-3.14-64\python.exe
cachedir: .pytest_cache
rootdir: M:\workspace
configfile: pyproject.toml
plugins: anyio-4.12.0, langsmith-0.4.56
collecting ... collected 19 items

tests\test_api_flow.py::test_health FAILED                               [  5%]
tests\test_api_flow.py::test_auth_failure FAILED                         [ 10%]
tests\test_api_flow.py::test_govern_success FAILED                       [ 15%]
tests\test_api_flow.py::test_govern_block FAILED                         [ 21%]
tests\test_api_integration.py::TestApiIntegration::test_govern_allow_context FAILED [ 26%]
tests\test_api_integration.py::TestApiIntegration::test_govern_deny_context PASSED [ 31%]
tests\test_api_integration.py::TestApiIntegration::test_health PASSED    [ 36%]
tests\test_api_integration.py::TestApiIntegration::test_strip_log_via_api FAILED [ 42%]
tests\test_audit_logger.py::TestAuditLogger::test_end_to_end_logging PASSED [ 47%]
tests\test_compliance_harness.py::TestComplianceHarness::test_fl_registration FAILED [ 52%]
tests\test_compliance_harness.py::TestComplianceHarness::test_icd10_validation_invalid PASSED [ 57%]
tests\test_compliance_harness.py::TestComplianceHarness::test_icd10_validation_valid PASSED [ 63%]
tests\test_compliance_harness.py::TestComplianceHarness::test_pos_logic_clinic PASSED [ 68%]
tests\test_compliance_harness.py::TestComplianceHarness::test_pos_logic_home PASSED [ 73%]
tests\test_ledger_wiring.py::TestLedgerWiring::test_governor_records_events FAILED [ 78%]
tests\test_monetization.py::TestMonetizationComponents::test_billing_hook PASSED [ 84%]
tests\test_monetization.py::TestMonetizationComponents::test_mcp_tools PASSED [ 89%]
tests\test_monetization.py::TestMonetizationComponents::test_phi_guard_clean PASSED [ 94%]
tests\test_monetization.py::TestMonetizationComponents::test_phi_guard_detection PASSED [100%]

================================== FAILURES ===================================
_________________________________ test_health _________________________________

self = <HTTPConnection(host='127.0.0.1', port=8000) at 0x18e5252d2b0>

    def _new_conn(self) -> socket.socket:
        """Establish a socket connection and set nodelay settings on it.

        :return: New socket connection.
        """
        try:
>           sock = connection.create_connection(
                (self._dns_host, self.port),
                self.timeout,
                source_address=self.source_address,
                socket_options=self.socket_options,
            )

C:\Users\Mike\AppData\Local\Python\pythoncore-3.14-64\Lib\site-packages\urllib3\connection.py:204:
_ _ _ _ _ _ _ _ _ _ _ _ _ _ _ _ _ _ _ _ _ _ _ _ _ _ _ _ _ _ _ _ _ _ _ _ _ _ _ _
C:\Users\Mike\AppData\Local\Python\pythoncore-3.14-64\Lib\site-packages\urllib3\util\connection.py:85: in create_connection
    raise err
_ _ _ _ _ _ _ _ _ _ _ _ _ _ _ _ _ _ _ _ _ _ _ _ _ _ _ _ _ _ _ _ _ _ _ _ _ _ _ _

address = ('127.0.0.1', 8000), timeout = None, source_address = None
socket_options = [(6, 1, 1)]

    def create_connection(
        address: tuple[str, int],
        timeout: _TYPE_TIMEOUT = _DEFAULT_TIMEOUT,
        source_address: tuple[str, int] | None = None,
        socket_options: _TYPE_SOCKET_OPTIONS | None = None,
    ) -> socket.socket:
        """Connect to *address* and return the socket object.

        Convenience function.  Connect to *address* (a 2-tuple ``(host,
        port)``) and return the socket object.  Passing the optional
        *timeout* parameter will set the timeout on the socket instance
        before attempting to connect.  If no *timeout* is supplied, the
        global default timeout setting returned by :func:`socket.getdefaulttimeout`
        is used.  If *source_address* is set it must be a tuple of (host, port)
        for the socket to bind as a source address before making the connection.
        An host of '' or port 0 tells the OS to use the default.
        """

        host, port = address
        if host.startswith("["):
            host = host.strip("[]")
        err = None

        # Using the value from allowed_gai_family() in the context of getaddrinfo lets
        # us select whether to work with IPv4 DNS records, IPv6 records, or both.
        # The original create_connection function always returns all records.
        family = allowed_gai_family()

        try:
            host.encode("idna")
        except UnicodeError:
            raise LocationParseError(f"'{host}', label empty or too long") from None

        for res in socket.getaddrinfo(host, port, family, socket.SOCK_STREAM):
            af, socktype, proto, canonname, sa = res
            sock = None
            try:
                sock = socket.socket(af, socktype, proto)

                # If provided, set socket level options before connecting.
                _set_socket_options(sock, socket_options)

                if timeout is not _DEFAULT_TIMEOUT:
                    sock.settimeout(timeout)
                if source_address:
                    sock.bind(source_address)
>               sock.connect(sa)
E               ConnectionRefusedError: [WinError 10061] No connection could be made because the target machine actively refused it

C:\Users\Mike\AppData\Local\Python\pythoncore-3.14-64\Lib\site-packages\urllib3\util\connection.py:73: ConnectionRefusedError

The above exception was the direct cause of the following exception:

self = <urllib3.connectionpool.HTTPConnectionPool object at 0x0000018E5252CEC0>
method = 'GET', url = '/health', body = None
headers = {'User-Agent': 'python-requests/2.32.5', 'Accept-Encoding': 'gzip, deflate, zstd', 'Accept': '*/*', 'Connection': 'keep-alive'}
retries = Retry(total=0, connect=None, read=False, redirect=None, status=None)
redirect = False, assert_same_host = False
timeout = Timeout(connect=None, read=None, total=None), pool_timeout = None
release_conn = False, chunked = False, body_pos = None, preload_content = False
decode_content = False, response_kw = {}
parsed_url = Url(scheme=None, auth=None, host=None, port=None, path='/health', query=None, fragment=None)
destination_scheme = None, conn = None, release_this_conn = True
http_tunnel_required = False, err = None, clean_exit = False

    def urlopen(  # type: ignore[override]
        self,
        method: str,
        url: str,
        body: _TYPE_BODY | None = None,
        headers: typing.Mapping[str, str] | None = None,
        retries: Retry | bool | int | None = None,
        redirect: bool = True,
        assert_same_host: bool = True,
        timeout: _TYPE_TIMEOUT = _DEFAULT_TIMEOUT,
        pool_timeout: int | None = None,
        release_conn: bool | None = None,
        chunked: bool = False,
        body_pos: _TYPE_BODY_POSITION | None = None,
        preload_content: bool = True,
        decode_content: bool = True,
        **response_kw: typing.Any,
    ) -> BaseHTTPResponse:
        """
        Get a connection from the pool and perform an HTTP request. This is the
        lowest level call for making a request, so you'll need to specify all
        the raw details.

        .. note::

           More commonly, it's appropriate to use a convenience method
           such as :meth:`request`.

        .. note::

           `release_conn` will only behave as expected if
           `preload_content=False` because we want to make
           `preload_content=False` the default behaviour someday soon without
           breaking backwards compatibility.

        :param method:
            HTTP request method (such as GET, POST, PUT, etc.)

        :param url:
            The URL to perform the request on.

        :param body:
            Data to send in the request body, either :class:`str`, :class:`bytes`,
            an iterable of :class:`str`/:class:`bytes`, or a file-like object.

        :param headers:
            Dictionary of custom headers to send, such as User-Agent,
            If-None-Match, etc. If None, pool headers are used. If provided,
            these headers completely replace any pool-specific headers.

        :param retries:
            Configure the number of retries to allow before raising a
            :class:`~urllib3.exceptions.MaxRetryError` exception.

            If ``None`` (default) will retry 3 times, see ``Retry.DEFAULT``. Pass a
            :class:`~urllib3.util.retry.Retry` object for fine-grained control
            over different types of retries.
            Pass an integer number to retry connection errors that many times,
            but no other types of errors. Pass zero to never retry.

            If ``False``, then retries are disabled and any exception is raised
            immediately. Also, instead of raising a MaxRetryError on redirects,
            the redirect response will be returned.

        :type retries: :class:`~urllib3.util.retry.Retry`, False, or an int.

        :param redirect:
            If True, automatically handle redirects (status codes 301, 302,
            303, 307, 308). Each redirect counts as a retry. Disabling retries
            will disable redirect, too.

        :param assert_same_host:
            If ``True``, will make sure that the host of the pool requests is
            consistent else will raise HostChangedError. When ``False``, you can
            use the pool on an HTTP proxy and request foreign hosts.

        :param timeout:
            If specified, overrides the default timeout for this one
            request. It may be a float (in seconds) or an instance of
            :class:`urllib3.util.Timeout`.

        :param pool_timeout:
            If set and the pool is set to block=True, then this method will
            block for ``pool_timeout`` seconds and raise EmptyPoolError if no
            connection is available within the time period.

        :param bool preload_content:
            If True, the response's body will be preloaded into memory.

        :param bool decode_content:
            If True, will attempt to decode the body based on the
            'content-encoding' header.

        :param release_conn:
            If False, then the urlopen call will not release the connection
            back into the pool once a response is received (but will release if
            you read the entire contents of the response such as when
            `preload_content=True`). This is useful if you're not preloading
            the response's content immediately. You will need to call
            ``r.release_conn()`` on the response ``r`` to return the connection
            back into the pool. If None, it takes the value of ``preload_content``
            which defaults to ``True``.

        :param bool chunked:
            If True, urllib3 will send the body using chunked transfer
            encoding. Otherwise, urllib3 will send the body using the standard
            content-length form. Defaults to False.

        :param int body_pos:
            Position to seek to in file-like body in the event of a retry or
            redirect. Typically this won't need to be set because urllib3 will
            auto-populate the value when needed.
        """
        parsed_url = parse_url(url)
        destination_scheme = parsed_url.scheme

        if headers is None:
            headers = self.headers

        if not isinstance(retries, Retry):
            retries = Retry.from_int(retries, redirect=redirect, default=self.retries)

        if release_conn is None:
            release_conn = preload_content

        # Check host
        if assert_same_host and not self.is_same_host(url):
            raise HostChangedError(self, url, retries)

        # Ensure that the URL we're connecting to is properly encoded
        if url.startswith("/"):
            url = to_str(_encode_target(url))
        else:
            url = to_str(parsed_url.url)

        conn = None

        # Track whether `conn` needs to be released before
        # returning/raising/recursing. Update this variable if necessary, and
        # leave `release_conn` constant throughout the function. That way, if
        # the function recurses, the original value of `release_conn` will be
        # passed down into the recursive call, and its value will be respected.
        #
        # See issue #651 [1] for details.
        #
        # [1] <https://github.com/urllib3/urllib3/issues/651>
        release_this_conn = release_conn

        http_tunnel_required = connection_requires_http_tunnel(
            self.proxy, self.proxy_config, destination_scheme
        )

        # Merge the proxy headers. Only done when not using HTTP CONNECT. We
        # have to copy the headers dict so we can safely change it without those
        # changes being reflected in anyone else's copy.
        if not http_tunnel_required:
            headers = headers.copy()  # type: ignore[attr-defined]
            headers.update(self.proxy_headers)  # type: ignore[union-attr]

        # Must keep the exception bound to a separate variable or else Python 3
        # complains about UnboundLocalError.
        err = None

        # Keep track of whether we cleanly exited the except block. This
        # ensures we do proper cleanup in finally.
        clean_exit = False

        # Rewind body position, if needed. Record current position
        # for future rewinds in the event of a redirect/retry.
        body_pos = set_file_position(body, body_pos)

        try:
            # Request a connection from the queue.
            timeout_obj = self._get_timeout(timeout)
            conn = self._get_conn(timeout=pool_timeout)

            conn.timeout = timeout_obj.connect_timeout  # type: ignore[assignment]

            # Is this a closed/new connection that requires CONNECT tunnelling?
            if self.proxy is not None and http_tunnel_required and conn.is_closed:
                try:
                    self._prepare_proxy(conn)
                except (BaseSSLError, OSError, SocketTimeout) as e:
                    self._raise_timeout(
                        err=e, url=self.proxy.url, timeout_value=conn.timeout
                    )
                    raise

            # If we're going to release the connection in ``finally:``, then
            # the response doesn't need to know about the connection. Otherwise
            # it will also try to release it and we'll have a double-release
            # mess.
            response_conn = conn if not release_conn else None

            # Make the request on the HTTPConnection object
>           response = self._make_request(
                conn,
                method,
                url,
                timeout=timeout_obj,
                body=body,
                headers=headers,
                chunked=chunked,
                retries=retries,
                response_conn=response_conn,
                preload_content=preload_content,
                decode_content=decode_content,
                **response_kw,
            )

C:\Users\Mike\AppData\Local\Python\pythoncore-3.14-64\Lib\site-packages\urllib3\connectionpool.py:787:
_ _ _ _ _ _ _ _ _ _ _ _ _ _ _ _ _ _ _ _ _ _ _ _ _ _ _ _ _ _ _ _ _ _ _ _ _ _ _ _
C:\Users\Mike\AppData\Local\Python\pythoncore-3.14-64\Lib\site-packages\urllib3\connectionpool.py:493: in _make_request
    conn.request(
C:\Users\Mike\AppData\Local\Python\pythoncore-3.14-64\Lib\site-packages\urllib3\connection.py:500: in request
    self.endheaders()
C:\Users\Mike\AppData\Local\Python\pythoncore-3.14-64\Lib\http\client.py:1353: in endheaders
    self._send_output(message_body, encode_chunked=encode_chunked)
C:\Users\Mike\AppData\Local\Python\pythoncore-3.14-64\Lib\http\client.py:1113: in _send_output
    self.send(msg)
C:\Users\Mike\AppData\Local\Python\pythoncore-3.14-64\Lib\http\client.py:1057: in send
    self.connect()
C:\Users\Mike\AppData\Local\Python\pythoncore-3.14-64\Lib\site-packages\urllib3\connection.py:331: in connect
    self.sock = self._new_conn()
                ^^^^^^^^^^^^^^^^
_ _ _ _ _ _ _ _ _ _ _ _ _ _ _ _ _ _ _ _ _ _ _ _ _ _ _ _ _ _ _ _ _ _ _ _ _ _ _ _

self = <HTTPConnection(host='127.0.0.1', port=8000) at 0x18e5252d2b0>

    def _new_conn(self) -> socket.socket:
        """Establish a socket connection and set nodelay settings on it.

        :return: New socket connection.
        """
        try:
            sock = connection.create_connection(
                (self._dns_host, self.port),
                self.timeout,
                source_address=self.source_address,
                socket_options=self.socket_options,
            )
        except socket.gaierror as e:
            raise NameResolutionError(self.host, self, e) from e
        except SocketTimeout as e:
            raise ConnectTimeoutError(
                self,
                f"Connection to {self.host} timed out. (connect timeout={self.timeout})",
            ) from e

        except OSError as e:
>           raise NewConnectionError(
                self, f"Failed to establish a new connection: {e}"
            ) from e
E           urllib3.exceptions.NewConnectionError: HTTPConnection(host='127.0.0.1', port=8000): Failed to establish a new connection: [WinError 10061] No connection could be made because the target machine actively refused it

C:\Users\Mike\AppData\Local\Python\pythoncore-3.14-64\Lib\site-packages\urllib3\connection.py:219: NewConnectionError

The above exception was the direct cause of the following exception:

self = <requests.adapters.HTTPAdapter object at 0x0000018E524DCF50>
request = <PreparedRequest [GET]>, stream = False
timeout = Timeout(connect=None, read=None, total=None), verify = True
cert = None, proxies = OrderedDict()

    def send(
        self, request, stream=False, timeout=None, verify=True, cert=None, proxies=None
    ):
        """Sends PreparedRequest object. Returns Response object.

        :param request: The :class:`PreparedRequest <PreparedRequest>` being sent.
        :param stream: (optional) Whether to stream the request content.
        :param timeout: (optional) How long to wait for the server to send
            data before giving up, as a float, or a :ref:`(connect timeout,
            read timeout) <timeouts>` tuple.
        :type timeout: float or tuple or urllib3 Timeout object
        :param verify: (optional) Either a boolean, in which case it controls whether
            we verify the server's TLS certificate, or a string, in which case it
            must be a path to a CA bundle to use
        :param cert: (optional) Any user-provided SSL certificate to be trusted.
        :param proxies: (optional) The proxies dictionary to apply to the request.
        :rtype: requests.Response
        """

        try:
            conn = self.get_connection_with_tls_context(
                request, verify, proxies=proxies, cert=cert
            )
        except LocationValueError as e:
            raise InvalidURL(e, request=request)

        self.cert_verify(conn, request.url, verify, cert)
        url = self.request_url(request, proxies)
        self.add_headers(
            request,
            stream=stream,
            timeout=timeout,
            verify=verify,
            cert=cert,
            proxies=proxies,
        )

        chunked = not (request.body is None or "Content-Length" in request.headers)

        if isinstance(timeout, tuple):
            try:
                connect, read = timeout
                timeout = TimeoutSauce(connect=connect, read=read)
            except ValueError:
                raise ValueError(
                    f"Invalid timeout {timeout}. Pass a (connect, read) timeout tuple, "
                    f"or a single float to set both timeouts to the same value."
                )
        elif isinstance(timeout, TimeoutSauce):
            pass
        else:
            timeout = TimeoutSauce(connect=timeout, read=timeout)

        try:
>           resp = conn.urlopen(
                method=request.method,
                url=url,
                body=request.body,
                headers=request.headers,
                redirect=False,
                assert_same_host=False,
                preload_content=False,
                decode_content=False,
                retries=self.max_retries,
                timeout=timeout,
                chunked=chunked,
            )

C:\Users\Mike\AppData\Local\Python\pythoncore-3.14-64\Lib\site-packages\requests\adapters.py:644:
_ _ _ _ _ _ _ _ _ _ _ _ _ _ _ _ _ _ _ _ _ _ _ _ _ _ _ _ _ _ _ _ _ _ _ _ _ _ _ _
C:\Users\Mike\AppData\Local\Python\pythoncore-3.14-64\Lib\site-packages\urllib3\connectionpool.py:841: in urlopen
    retries = retries.increment(
_ _ _ _ _ _ _ _ _ _ _ _ _ _ _ _ _ _ _ _ _ _ _ _ _ _ _ _ _ _ _ _ _ _ _ _ _ _ _ _

self = Retry(total=0, connect=None, read=False, redirect=None, status=None)
method = 'GET', url = '/health', response = None
error = NewConnectionError("HTTPConnection(host='127.0.0.1', port=8000): Failed to establish a new connection: [WinError 10061] No connection could be made because the target machine actively refused it")
_pool = <urllib3.connectionpool.HTTPConnectionPool object at 0x0000018E5252CEC0>
_stacktrace = <traceback object at 0x0000018E52521500>

    def increment(
        self,
        method: str | None = None,
        url: str | None = None,
        response: BaseHTTPResponse | None = None,
        error: Exception | None = None,
        _pool: ConnectionPool | None = None,
        _stacktrace: TracebackType | None = None,
    ) -> Self:
        """Return a new Retry object with incremented retry counters.

        :param response: A response object, or None, if the server did not
            return a response.
        :type response: :class:`~urllib3.response.BaseHTTPResponse`
        :param Exception error: An error encountered during the request, or
            None if the response was received successfully.

        :return: A new ``Retry`` object.
        """
        if self.total is False and error:
            # Disabled, indicate to re-raise the error.
            raise reraise(type(error), error, _stacktrace)

        total = self.total
        if total is not None:
            total -= 1

        connect = self.connect
        read = self.read
        redirect = self.redirect
        status_count = self.status
        other = self.other
        cause = "unknown"
        status = None
        redirect_location = None

        if error and self._is_connection_error(error):
            # Connect retry?
            if connect is False:
                raise reraise(type(error), error, _stacktrace)
            elif connect is not None:
                connect -= 1

        elif error and self._is_read_error(error):
            # Read retry?
            if read is False or method is None or not self._is_method_retryable(method):
                raise reraise(type(error), error, _stacktrace)
            elif read is not None:
                read -= 1

        elif error:
            # Other retry?
            if other is not None:
                other -= 1

        elif response and response.get_redirect_location():
            # Redirect retry?
            if redirect is not None:
                redirect -= 1
            cause = "too many redirects"
            response_redirect_location = response.get_redirect_location()
            if response_redirect_location:
                redirect_location = response_redirect_location
            status = response.status

        else:
            # Incrementing because of a server error like a 500 in
            # status_forcelist and the given method is in the allowed_methods
            cause = ResponseError.GENERIC_ERROR
            if response and response.status:
                if status_count is not None:
                    status_count -= 1
                cause = ResponseError.SPECIFIC_ERROR.format(status_code=response.status)
                status = response.status

        history = self.history + (
            RequestHistory(method, url, error, status, redirect_location),
        )

        new_retry = self.new(
            total=total,
            connect=connect,
            read=read,
            redirect=redirect,
            status=status_count,
            other=other,
            history=history,
        )

        if new_retry.is_exhausted():
            reason = error or ResponseError(cause)
>           raise MaxRetryError(_pool, url, reason) from reason  # type: ignore[arg-type]
            ^^^^^^^^^^^^^^^^^^^^^^^^^^^^^^^^^^^^^^^^^^^^^^^^^^^
E           urllib3.exceptions.MaxRetryError: HTTPConnectionPool(host='127.0.0.1', port=8000): Max retries exceeded with url: /health (Caused by NewConnectionError("HTTPConnection(host='127.0.0.1', port=8000): Failed to establish a new connection: [WinError 10061] No connection could be made because the target machine actively refused it"))

C:\Users\Mike\AppData\Local\Python\pythoncore-3.14-64\Lib\site-packages\urllib3\util\retry.py:519: MaxRetryError

During handling of the above exception, another exception occurred:

    def test_health():
        print("[TEST] GET /health")
        try:
>           resp = requests.get(f"{BASE_URL}/health")
                   ^^^^^^^^^^^^^^^^^^^^^^^^^^^^^^^^^^

tests\test_api_flow.py:17:
_ _ _ _ _ _ _ _ _ _ _ _ _ _ _ _ _ _ _ _ _ _ _ _ _ _ _ _ _ _ _ _ _ _ _ _ _ _ _ _
C:\Users\Mike\AppData\Local\Python\pythoncore-3.14-64\Lib\site-packages\requests\api.py:73: in get
    return request("get", url, params=params, **kwargs)
           ^^^^^^^^^^^^^^^^^^^^^^^^^^^^^^^^^^^^^^^^^^^^
C:\Users\Mike\AppData\Local\Python\pythoncore-3.14-64\Lib\site-packages\requests\api.py:59: in request
    return session.request(method=method, url=url, **kwargs)
           ^^^^^^^^^^^^^^^^^^^^^^^^^^^^^^^^^^^^^^^^^^^^^^^^^
C:\Users\Mike\AppData\Local\Python\pythoncore-3.14-64\Lib\site-packages\requests\sessions.py:589: in request
    resp = self.send(prep, **send_kwargs)
           ^^^^^^^^^^^^^^^^^^^^^^^^^^^^^^
C:\Users\Mike\AppData\Local\Python\pythoncore-3.14-64\Lib\site-packages\requests\sessions.py:703: in send
    r = adapter.send(request, **kwargs)
        ^^^^^^^^^^^^^^^^^^^^^^^^^^^^^^^
_ _ _ _ _ _ _ _ _ _ _ _ _ _ _ _ _ _ _ _ _ _ _ _ _ _ _ _ _ _ _ _ _ _ _ _ _ _ _ _

self = <requests.adapters.HTTPAdapter object at 0x0000018E524DCF50>
request = <PreparedRequest [GET]>, stream = False
timeout = Timeout(connect=None, read=None, total=None), verify = True
cert = None, proxies = OrderedDict()

    def send(
        self, request, stream=False, timeout=None, verify=True, cert=None, proxies=None
    ):
        """Sends PreparedRequest object. Returns Response object.

        :param request: The :class:`PreparedRequest <PreparedRequest>` being sent.
        :param stream: (optional) Whether to stream the request content.
        :param timeout: (optional) How long to wait for the server to send
            data before giving up, as a float, or a :ref:`(connect timeout,
            read timeout) <timeouts>` tuple.
        :type timeout: float or tuple or urllib3 Timeout object
        :param verify: (optional) Either a boolean, in which case it controls whether
            we verify the server's TLS certificate, or a string, in which case it
            must be a path to a CA bundle to use
        :param cert: (optional) Any user-provided SSL certificate to be trusted.
        :param proxies: (optional) The proxies dictionary to apply to the request.
        :rtype: requests.Response
        """

        try:
            conn = self.get_connection_with_tls_context(
                request, verify, proxies=proxies, cert=cert
            )
        except LocationValueError as e:
            raise InvalidURL(e, request=request)

        self.cert_verify(conn, request.url, verify, cert)
        url = self.request_url(request, proxies)
        self.add_headers(
            request,
            stream=stream,
            timeout=timeout,
            verify=verify,
            cert=cert,
            proxies=proxies,
        )

        chunked = not (request.body is None or "Content-Length" in request.headers)

        if isinstance(timeout, tuple):
            try:
                connect, read = timeout
                timeout = TimeoutSauce(connect=connect, read=read)
            except ValueError:
                raise ValueError(
                    f"Invalid timeout {timeout}. Pass a (connect, read) timeout tuple, "
                    f"or a single float to set both timeouts to the same value."
                )
        elif isinstance(timeout, TimeoutSauce):
            pass
        else:
            timeout = TimeoutSauce(connect=timeout, read=timeout)

        try:
            resp = conn.urlopen(
                method=request.method,
                url=url,
                body=request.body,
                headers=request.headers,
                redirect=False,
                assert_same_host=False,
                preload_content=False,
                decode_content=False,
                retries=self.max_retries,
                timeout=timeout,
                chunked=chunked,
            )

        except (ProtocolError, OSError) as err:
            raise ConnectionError(err, request=request)

        except MaxRetryError as e:
            if isinstance(e.reason, ConnectTimeoutError):
                # TODO: Remove this in 3.0.0: see #2811
                if not isinstance(e.reason, NewConnectionError):
                    raise ConnectTimeout(e, request=request)

            if isinstance(e.reason, ResponseError):
                raise RetryError(e, request=request)

            if isinstance(e.reason, _ProxyError):
                raise ProxyError(e, request=request)

            if isinstance(e.reason, _SSLError):
                # This branch is for urllib3 v1.22 and later.
                raise SSLError(e, request=request)

>           raise ConnectionError(e, request=request)
E           requests.exceptions.ConnectionError: HTTPConnectionPool(host='127.0.0.1', port=8000): Max retries exceeded with url: /health (Caused by NewConnectionError("HTTPConnection(host='127.0.0.1', port=8000): Failed to establish a new connection: [WinError 10061] No connection could be made because the target machine actively refused it"))

C:\Users\Mike\AppData\Local\Python\pythoncore-3.14-64\Lib\site-packages\requests\adapters.py:677: ConnectionError

During handling of the above exception, another exception occurred:

    def test_health():
        print("[TEST] GET /health")
        try:
            resp = requests.get(f"{BASE_URL}/health")
            if resp.status_code == 200:
                print("✅ PASS: Health check 200 OK")
            else:
                print(f"❌ FAIL: Health check {resp.status_code}")
        except Exception as e:
            print(f"❌ FAIL: Could not connect to API: {e}")
>           sys.exit(1)
E           SystemExit: 1

tests\test_api_flow.py:24: SystemExit
---------------------------- Captured stdout call -----------------------------
[TEST] GET /health
❌ FAIL: Could not connect to API: HTTPConnectionPool(host='127.0.0.1', port=8000): Max retries exceeded with url: /health (Caused by NewConnectionError("HTTPConnection(host='127.0.0.1', port=8000): Failed to establish a new connection: [WinError 10061] No connection could be made because the target machine actively refused it"))
______________________________ test_auth_failure ______________________________

self = <HTTPConnection(host='127.0.0.1', port=8000) at 0x18e524df110>

    def _new_conn(self) -> socket.socket:
        """Establish a socket connection and set nodelay settings on it.

        :return: New socket connection.
        """
        try:
>           sock = connection.create_connection(
                (self._dns_host, self.port),
                self.timeout,
                source_address=self.source_address,
                socket_options=self.socket_options,
            )

C:\Users\Mike\AppData\Local\Python\pythoncore-3.14-64\Lib\site-packages\urllib3\connection.py:204:
_ _ _ _ _ _ _ _ _ _ _ _ _ _ _ _ _ _ _ _ _ _ _ _ _ _ _ _ _ _ _ _ _ _ _ _ _ _ _ _
C:\Users\Mike\AppData\Local\Python\pythoncore-3.14-64\Lib\site-packages\urllib3\util\connection.py:85: in create_connection
    raise err
_ _ _ _ _ _ _ _ _ _ _ _ _ _ _ _ _ _ _ _ _ _ _ _ _ _ _ _ _ _ _ _ _ _ _ _ _ _ _ _

address = ('127.0.0.1', 8000), timeout = None, source_address = None
socket_options = [(6, 1, 1)]

    def create_connection(
        address: tuple[str, int],
        timeout: _TYPE_TIMEOUT = _DEFAULT_TIMEOUT,
        source_address: tuple[str, int] | None = None,
        socket_options: _TYPE_SOCKET_OPTIONS | None = None,
    ) -> socket.socket:
        """Connect to *address* and return the socket object.

        Convenience function.  Connect to *address* (a 2-tuple ``(host,
        port)``) and return the socket object.  Passing the optional
        *timeout* parameter will set the timeout on the socket instance
        before attempting to connect.  If no *timeout* is supplied, the
        global default timeout setting returned by :func:`socket.getdefaulttimeout`
        is used.  If *source_address* is set it must be a tuple of (host, port)
        for the socket to bind as a source address before making the connection.
        An host of '' or port 0 tells the OS to use the default.
        """

        host, port = address
        if host.startswith("["):
            host = host.strip("[]")
        err = None

        # Using the value from allowed_gai_family() in the context of getaddrinfo lets
        # us select whether to work with IPv4 DNS records, IPv6 records, or both.
        # The original create_connection function always returns all records.
        family = allowed_gai_family()

        try:
            host.encode("idna")
        except UnicodeError:
            raise LocationParseError(f"'{host}', label empty or too long") from None

        for res in socket.getaddrinfo(host, port, family, socket.SOCK_STREAM):
            af, socktype, proto, canonname, sa = res
            sock = None
            try:
                sock = socket.socket(af, socktype, proto)

                # If provided, set socket level options before connecting.
                _set_socket_options(sock, socket_options)

                if timeout is not _DEFAULT_TIMEOUT:
                    sock.settimeout(timeout)
                if source_address:
                    sock.bind(source_address)
>               sock.connect(sa)
E               ConnectionRefusedError: [WinError 10061] No connection could be made because the target machine actively refused it

C:\Users\Mike\AppData\Local\Python\pythoncore-3.14-64\Lib\site-packages\urllib3\util\connection.py:73: ConnectionRefusedError

The above exception was the direct cause of the following exception:

self = <urllib3.connectionpool.HTTPConnectionPool object at 0x0000018E524DEE90>
method = 'POST', url = '/govern'
body = b'{"session_id": "test_1", "text": "Hello"}'
headers = {'User-Agent': 'python-requests/2.32.5', 'Accept-Encoding': 'gzip, deflate, zstd', 'Accept': '*/*', 'Connection': 'keep-alive', 'Authorization': 'Bearer sk_invalid_token', 'Content-Length': '41', 'Content-Type': 'application/json'}
retries = Retry(total=0, connect=None, read=False, redirect=None, status=None)
redirect = False, assert_same_host = False
timeout = Timeout(connect=None, read=None, total=None), pool_timeout = None
release_conn = False, chunked = False, body_pos = None, preload_content = False
decode_content = False, response_kw = {}
parsed_url = Url(scheme=None, auth=None, host=None, port=None, path='/govern', query=None, fragment=None)
destination_scheme = None, conn = None, release_this_conn = True
http_tunnel_required = False, err = None, clean_exit = False

    def urlopen(  # type: ignore[override]
        self,
        method: str,
        url: str,
        body: _TYPE_BODY | None = None,
        headers: typing.Mapping[str, str] | None = None,
        retries: Retry | bool | int | None = None,
        redirect: bool = True,
        assert_same_host: bool = True,
        timeout: _TYPE_TIMEOUT = _DEFAULT_TIMEOUT,
        pool_timeout: int | None = None,
        release_conn: bool | None = None,
        chunked: bool = False,
        body_pos: _TYPE_BODY_POSITION | None = None,
        preload_content: bool = True,
        decode_content: bool = True,
        **response_kw: typing.Any,
    ) -> BaseHTTPResponse:
        """
        Get a connection from the pool and perform an HTTP request. This is the
        lowest level call for making a request, so you'll need to specify all
        the raw details.

        .. note::

           More commonly, it's appropriate to use a convenience method
           such as :meth:`request`.

        .. note::

           `release_conn` will only behave as expected if
           `preload_content=False` because we want to make
           `preload_content=False` the default behaviour someday soon without
           breaking backwards compatibility.

        :param method:
            HTTP request method (such as GET, POST, PUT, etc.)

        :param url:
            The URL to perform the request on.

        :param body:
            Data to send in the request body, either :class:`str`, :class:`bytes`,
            an iterable of :class:`str`/:class:`bytes`, or a file-like object.

        :param headers:
            Dictionary of custom headers to send, such as User-Agent,
            If-None-Match, etc. If None, pool headers are used. If provided,
            these headers completely replace any pool-specific headers.

        :param retries:
            Configure the number of retries to allow before raising a
            :class:`~urllib3.exceptions.MaxRetryError` exception.

            If ``None`` (default) will retry 3 times, see ``Retry.DEFAULT``. Pass a
            :class:`~urllib3.util.retry.Retry` object for fine-grained control
            over different types of retries.
            Pass an integer number to retry connection errors that many times,
            but no other types of errors. Pass zero to never retry.

            If ``False``, then retries are disabled and any exception is raised
            immediately. Also, instead of raising a MaxRetryError on redirects,
            the redirect response will be returned.

        :type retries: :class:`~urllib3.util.retry.Retry`, False, or an int.

        :param redirect:
            If True, automatically handle redirects (status codes 301, 302,
            303, 307, 308). Each redirect counts as a retry. Disabling retries
            will disable redirect, too.

        :param assert_same_host:
            If ``True``, will make sure that the host of the pool requests is
            consistent else will raise HostChangedError. When ``False``, you can
            use the pool on an HTTP proxy and request foreign hosts.

        :param timeout:
            If specified, overrides the default timeout for this one
            request. It may be a float (in seconds) or an instance of
            :class:`urllib3.util.Timeout`.

        :param pool_timeout:
            If set and the pool is set to block=True, then this method will
            block for ``pool_timeout`` seconds and raise EmptyPoolError if no
            connection is available within the time period.

        :param bool preload_content:
            If True, the response's body will be preloaded into memory.

        :param bool decode_content:
            If True, will attempt to decode the body based on the
            'content-encoding' header.

        :param release_conn:
            If False, then the urlopen call will not release the connection
            back into the pool once a response is received (but will release if
            you read the entire contents of the response such as when
            `preload_content=True`). This is useful if you're not preloading
            the response's content immediately. You will need to call
            ``r.release_conn()`` on the response ``r`` to return the connection
            back into the pool. If None, it takes the value of ``preload_content``
            which defaults to ``True``.

        :param bool chunked:
            If True, urllib3 will send the body using chunked transfer
            encoding. Otherwise, urllib3 will send the body using the standard
            content-length form. Defaults to False.

        :param int body_pos:
            Position to seek to in file-like body in the event of a retry or
            redirect. Typically this won't need to be set because urllib3 will
            auto-populate the value when needed.
        """
        parsed_url = parse_url(url)
        destination_scheme = parsed_url.scheme

        if headers is None:
            headers = self.headers

        if not isinstance(retries, Retry):
            retries = Retry.from_int(retries, redirect=redirect, default=self.retries)

        if release_conn is None:
            release_conn = preload_content

        # Check host
        if assert_same_host and not self.is_same_host(url):
            raise HostChangedError(self, url, retries)

        # Ensure that the URL we're connecting to is properly encoded
        if url.startswith("/"):
            url = to_str(_encode_target(url))
        else:
            url = to_str(parsed_url.url)

        conn = None

        # Track whether `conn` needs to be released before
        # returning/raising/recursing. Update this variable if necessary, and
        # leave `release_conn` constant throughout the function. That way, if
        # the function recurses, the original value of `release_conn` will be
        # passed down into the recursive call, and its value will be respected.
        #
        # See issue #651 [1] for details.
        #
        # [1] <https://github.com/urllib3/urllib3/issues/651>
        release_this_conn = release_conn

        http_tunnel_required = connection_requires_http_tunnel(
            self.proxy, self.proxy_config, destination_scheme
        )

        # Merge the proxy headers. Only done when not using HTTP CONNECT. We
        # have to copy the headers dict so we can safely change it without those
        # changes being reflected in anyone else's copy.
        if not http_tunnel_required:
            headers = headers.copy()  # type: ignore[attr-defined]
            headers.update(self.proxy_headers)  # type: ignore[union-attr]

        # Must keep the exception bound to a separate variable or else Python 3
        # complains about UnboundLocalError.
        err = None

        # Keep track of whether we cleanly exited the except block. This
        # ensures we do proper cleanup in finally.
        clean_exit = False

        # Rewind body position, if needed. Record current position
        # for future rewinds in the event of a redirect/retry.
        body_pos = set_file_position(body, body_pos)

        try:
            # Request a connection from the queue.
            timeout_obj = self._get_timeout(timeout)
            conn = self._get_conn(timeout=pool_timeout)

            conn.timeout = timeout_obj.connect_timeout  # type: ignore[assignment]

            # Is this a closed/new connection that requires CONNECT tunnelling?
            if self.proxy is not None and http_tunnel_required and conn.is_closed:
                try:
                    self._prepare_proxy(conn)
                except (BaseSSLError, OSError, SocketTimeout) as e:
                    self._raise_timeout(
                        err=e, url=self.proxy.url, timeout_value=conn.timeout
                    )
                    raise

            # If we're going to release the connection in ``finally:``, then
            # the response doesn't need to know about the connection. Otherwise
            # it will also try to release it and we'll have a double-release
            # mess.
            response_conn = conn if not release_conn else None

            # Make the request on the HTTPConnection object
>           response = self._make_request(
                conn,
                method,
                url,
                timeout=timeout_obj,
                body=body,
                headers=headers,
                chunked=chunked,
                retries=retries,
                response_conn=response_conn,
                preload_content=preload_content,
                decode_content=decode_content,
                **response_kw,
            )

C:\Users\Mike\AppData\Local\Python\pythoncore-3.14-64\Lib\site-packages\urllib3\connectionpool.py:787:
_ _ _ _ _ _ _ _ _ _ _ _ _ _ _ _ _ _ _ _ _ _ _ _ _ _ _ _ _ _ _ _ _ _ _ _ _ _ _ _
C:\Users\Mike\AppData\Local\Python\pythoncore-3.14-64\Lib\site-packages\urllib3\connectionpool.py:493: in _make_request
    conn.request(
C:\Users\Mike\AppData\Local\Python\pythoncore-3.14-64\Lib\site-packages\urllib3\connection.py:500: in request
    self.endheaders()
C:\Users\Mike\AppData\Local\Python\pythoncore-3.14-64\Lib\http\client.py:1353: in endheaders
    self._send_output(message_body, encode_chunked=encode_chunked)
C:\Users\Mike\AppData\Local\Python\pythoncore-3.14-64\Lib\http\client.py:1113: in _send_output
    self.send(msg)
C:\Users\Mike\AppData\Local\Python\pythoncore-3.14-64\Lib\http\client.py:1057: in send
    self.connect()
C:\Users\Mike\AppData\Local\Python\pythoncore-3.14-64\Lib\site-packages\urllib3\connection.py:331: in connect
    self.sock = self._new_conn()
                ^^^^^^^^^^^^^^^^
_ _ _ _ _ _ _ _ _ _ _ _ _ _ _ _ _ _ _ _ _ _ _ _ _ _ _ _ _ _ _ _ _ _ _ _ _ _ _ _

self = <HTTPConnection(host='127.0.0.1', port=8000) at 0x18e524df110>

    def _new_conn(self) -> socket.socket:
        """Establish a socket connection and set nodelay settings on it.

        :return: New socket connection.
        """
        try:
            sock = connection.create_connection(
                (self._dns_host, self.port),
                self.timeout,
                source_address=self.source_address,
                socket_options=self.socket_options,
            )
        except socket.gaierror as e:
            raise NameResolutionError(self.host, self, e) from e
        except SocketTimeout as e:
            raise ConnectTimeoutError(
                self,
                f"Connection to {self.host} timed out. (connect timeout={self.timeout})",
            ) from e

        except OSError as e:
>           raise NewConnectionError(
                self, f"Failed to establish a new connection: {e}"
            ) from e
E           urllib3.exceptions.NewConnectionError: HTTPConnection(host='127.0.0.1', port=8000): Failed to establish a new connection: [WinError 10061] No connection could be made because the target machine actively refused it

C:\Users\Mike\AppData\Local\Python\pythoncore-3.14-64\Lib\site-packages\urllib3\connection.py:219: NewConnectionError

The above exception was the direct cause of the following exception:

self = <requests.adapters.HTTPAdapter object at 0x0000018E525456E0>
request = <PreparedRequest [POST]>, stream = False
timeout = Timeout(connect=None, read=None, total=None), verify = True
cert = None, proxies = OrderedDict()

    def send(
        self, request, stream=False, timeout=None, verify=True, cert=None, proxies=None
    ):
        """Sends PreparedRequest object. Returns Response object.

        :param request: The :class:`PreparedRequest <PreparedRequest>` being sent.
        :param stream: (optional) Whether to stream the request content.
        :param timeout: (optional) How long to wait for the server to send
            data before giving up, as a float, or a :ref:`(connect timeout,
            read timeout) <timeouts>` tuple.
        :type timeout: float or tuple or urllib3 Timeout object
        :param verify: (optional) Either a boolean, in which case it controls whether
            we verify the server's TLS certificate, or a string, in which case it
            must be a path to a CA bundle to use
        :param cert: (optional) Any user-provided SSL certificate to be trusted.
        :param proxies: (optional) The proxies dictionary to apply to the request.
        :rtype: requests.Response
        """

        try:
            conn = self.get_connection_with_tls_context(
                request, verify, proxies=proxies, cert=cert
            )
        except LocationValueError as e:
            raise InvalidURL(e, request=request)

        self.cert_verify(conn, request.url, verify, cert)
        url = self.request_url(request, proxies)
        self.add_headers(
            request,
            stream=stream,
            timeout=timeout,
            verify=verify,
            cert=cert,
            proxies=proxies,
        )

        chunked = not (request.body is None or "Content-Length" in request.headers)

        if isinstance(timeout, tuple):
            try:
                connect, read = timeout
                timeout = TimeoutSauce(connect=connect, read=read)
            except ValueError:
                raise ValueError(
                    f"Invalid timeout {timeout}. Pass a (connect, read) timeout tuple, "
                    f"or a single float to set both timeouts to the same value."
                )
        elif isinstance(timeout, TimeoutSauce):
            pass
        else:
            timeout = TimeoutSauce(connect=timeout, read=timeout)

        try:
>           resp = conn.urlopen(
                method=request.method,
                url=url,
                body=request.body,
                headers=request.headers,
                redirect=False,
                assert_same_host=False,
                preload_content=False,
                decode_content=False,
                retries=self.max_retries,
                timeout=timeout,
                chunked=chunked,
            )

C:\Users\Mike\AppData\Local\Python\pythoncore-3.14-64\Lib\site-packages\requests\adapters.py:644:
_ _ _ _ _ _ _ _ _ _ _ _ _ _ _ _ _ _ _ _ _ _ _ _ _ _ _ _ _ _ _ _ _ _ _ _ _ _ _ _
C:\Users\Mike\AppData\Local\Python\pythoncore-3.14-64\Lib\site-packages\urllib3\connectionpool.py:841: in urlopen
    retries = retries.increment(
_ _ _ _ _ _ _ _ _ _ _ _ _ _ _ _ _ _ _ _ _ _ _ _ _ _ _ _ _ _ _ _ _ _ _ _ _ _ _ _

self = Retry(total=0, connect=None, read=False, redirect=None, status=None)
method = 'POST', url = '/govern', response = None
error = NewConnectionError("HTTPConnection(host='127.0.0.1', port=8000): Failed to establish a new connection: [WinError 10061] No connection could be made because the target machine actively refused it")
_pool = <urllib3.connectionpool.HTTPConnectionPool object at 0x0000018E524DEE90>
_stacktrace = <traceback object at 0x0000018E52A36340>

    def increment(
        self,
        method: str | None = None,
        url: str | None = None,
        response: BaseHTTPResponse | None = None,
        error: Exception | None = None,
        _pool: ConnectionPool | None = None,
        _stacktrace: TracebackType | None = None,
    ) -> Self:
        """Return a new Retry object with incremented retry counters.

        :param response: A response object, or None, if the server did not
            return a response.
        :type response: :class:`~urllib3.response.BaseHTTPResponse`
        :param Exception error: An error encountered during the request, or
            None if the response was received successfully.

        :return: A new ``Retry`` object.
        """
        if self.total is False and error:
            # Disabled, indicate to re-raise the error.
            raise reraise(type(error), error, _stacktrace)

        total = self.total
        if total is not None:
            total -= 1

        connect = self.connect
        read = self.read
        redirect = self.redirect
        status_count = self.status
        other = self.other
        cause = "unknown"
        status = None
        redirect_location = None

        if error and self._is_connection_error(error):
            # Connect retry?
            if connect is False:
                raise reraise(type(error), error, _stacktrace)
            elif connect is not None:
                connect -= 1

        elif error and self._is_read_error(error):
            # Read retry?
            if read is False or method is None or not self._is_method_retryable(method):
                raise reraise(type(error), error, _stacktrace)
            elif read is not None:
                read -= 1

        elif error:
            # Other retry?
            if other is not None:
                other -= 1

        elif response and response.get_redirect_location():
            # Redirect retry?
            if redirect is not None:
                redirect -= 1
            cause = "too many redirects"
            response_redirect_location = response.get_redirect_location()
            if response_redirect_location:
                redirect_location = response_redirect_location
            status = response.status

        else:
            # Incrementing because of a server error like a 500 in
            # status_forcelist and the given method is in the allowed_methods
            cause = ResponseError.GENERIC_ERROR
            if response and response.status:
                if status_count is not None:
                    status_count -= 1
                cause = ResponseError.SPECIFIC_ERROR.format(status_code=response.status)
                status = response.status

        history = self.history + (
            RequestHistory(method, url, error, status, redirect_location),
        )

        new_retry = self.new(
            total=total,
            connect=connect,
            read=read,
            redirect=redirect,
            status=status_count,
            other=other,
            history=history,
        )

        if new_retry.is_exhausted():
            reason = error or ResponseError(cause)
>           raise MaxRetryError(_pool, url, reason) from reason  # type: ignore[arg-type]
            ^^^^^^^^^^^^^^^^^^^^^^^^^^^^^^^^^^^^^^^^^^^^^^^^^^^
E           urllib3.exceptions.MaxRetryError: HTTPConnectionPool(host='127.0.0.1', port=8000): Max retries exceeded with url: /govern (Caused by NewConnectionError("HTTPConnection(host='127.0.0.1', port=8000): Failed to establish a new connection: [WinError 10061] No connection could be made because the target machine actively refused it"))

C:\Users\Mike\AppData\Local\Python\pythoncore-3.14-64\Lib\site-packages\urllib3\util\retry.py:519: MaxRetryError

During handling of the above exception, another exception occurred:

    def test_auth_failure():
        print("[TEST] Auth Failure (Invalid Token)")
        headers = {"Authorization": f"Bearer {INVALID_TOKEN}"}
        payload = {"session_id": "test_1", "text": "Hello"}
>       resp = requests.post(f"{BASE_URL}/govern", json=payload, headers=headers)
               ^^^^^^^^^^^^^^^^^^^^^^^^^^^^^^^^^^^^^^^^^^^^^^^^^^^^^^^^^^^^^^^^^^

tests\test_api_flow.py:30:
_ _ _ _ _ _ _ _ _ _ _ _ _ _ _ _ _ _ _ _ _ _ _ _ _ _ _ _ _ _ _ _ _ _ _ _ _ _ _ _
C:\Users\Mike\AppData\Local\Python\pythoncore-3.14-64\Lib\site-packages\requests\api.py:115: in post
    return request("post", url, data=data, json=json, **kwargs)
           ^^^^^^^^^^^^^^^^^^^^^^^^^^^^^^^^^^^^^^^^^^^^^^^^^^^^
C:\Users\Mike\AppData\Local\Python\pythoncore-3.14-64\Lib\site-packages\requests\api.py:59: in request
    return session.request(method=method, url=url, **kwargs)
           ^^^^^^^^^^^^^^^^^^^^^^^^^^^^^^^^^^^^^^^^^^^^^^^^^
C:\Users\Mike\AppData\Local\Python\pythoncore-3.14-64\Lib\site-packages\requests\sessions.py:589: in request
    resp = self.send(prep, **send_kwargs)
           ^^^^^^^^^^^^^^^^^^^^^^^^^^^^^^
C:\Users\Mike\AppData\Local\Python\pythoncore-3.14-64\Lib\site-packages\requests\sessions.py:703: in send
    r = adapter.send(request, **kwargs)
        ^^^^^^^^^^^^^^^^^^^^^^^^^^^^^^^
_ _ _ _ _ _ _ _ _ _ _ _ _ _ _ _ _ _ _ _ _ _ _ _ _ _ _ _ _ _ _ _ _ _ _ _ _ _ _ _

self = <requests.adapters.HTTPAdapter object at 0x0000018E525456E0>
request = <PreparedRequest [POST]>, stream = False
timeout = Timeout(connect=None, read=None, total=None), verify = True
cert = None, proxies = OrderedDict()

    def send(
        self, request, stream=False, timeout=None, verify=True, cert=None, proxies=None
    ):
        """Sends PreparedRequest object. Returns Response object.

        :param request: The :class:`PreparedRequest <PreparedRequest>` being sent.
        :param stream: (optional) Whether to stream the request content.
        :param timeout: (optional) How long to wait for the server to send
            data before giving up, as a float, or a :ref:`(connect timeout,
            read timeout) <timeouts>` tuple.
        :type timeout: float or tuple or urllib3 Timeout object
        :param verify: (optional) Either a boolean, in which case it controls whether
            we verify the server's TLS certificate, or a string, in which case it
            must be a path to a CA bundle to use
        :param cert: (optional) Any user-provided SSL certificate to be trusted.
        :param proxies: (optional) The proxies dictionary to apply to the request.
        :rtype: requests.Response
        """

        try:
            conn = self.get_connection_with_tls_context(
                request, verify, proxies=proxies, cert=cert
            )
        except LocationValueError as e:
            raise InvalidURL(e, request=request)

        self.cert_verify(conn, request.url, verify, cert)
        url = self.request_url(request, proxies)
        self.add_headers(
            request,
            stream=stream,
            timeout=timeout,
            verify=verify,
            cert=cert,
            proxies=proxies,
        )

        chunked = not (request.body is None or "Content-Length" in request.headers)

        if isinstance(timeout, tuple):
            try:
                connect, read = timeout
                timeout = TimeoutSauce(connect=connect, read=read)
            except ValueError:
                raise ValueError(
                    f"Invalid timeout {timeout}. Pass a (connect, read) timeout tuple, "
                    f"or a single float to set both timeouts to the same value."
                )
        elif isinstance(timeout, TimeoutSauce):
            pass
        else:
            timeout = TimeoutSauce(connect=timeout, read=timeout)

        try:
            resp = conn.urlopen(
                method=request.method,
                url=url,
                body=request.body,
                headers=request.headers,
                redirect=False,
                assert_same_host=False,
                preload_content=False,
                decode_content=False,
                retries=self.max_retries,
                timeout=timeout,
                chunked=chunked,
            )

        except (ProtocolError, OSError) as err:
            raise ConnectionError(err, request=request)

        except MaxRetryError as e:
            if isinstance(e.reason, ConnectTimeoutError):
                # TODO: Remove this in 3.0.0: see #2811
                if not isinstance(e.reason, NewConnectionError):
                    raise ConnectTimeout(e, request=request)

            if isinstance(e.reason, ResponseError):
                raise RetryError(e, request=request)

            if isinstance(e.reason, _ProxyError):
                raise ProxyError(e, request=request)

            if isinstance(e.reason, _SSLError):
                # This branch is for urllib3 v1.22 and later.
                raise SSLError(e, request=request)

>           raise ConnectionError(e, request=request)
E           requests.exceptions.ConnectionError: HTTPConnectionPool(host='127.0.0.1', port=8000): Max retries exceeded with url: /govern (Caused by NewConnectionError("HTTPConnection(host='127.0.0.1', port=8000): Failed to establish a new connection: [WinError 10061] No connection could be made because the target machine actively refused it"))

C:\Users\Mike\AppData\Local\Python\pythoncore-3.14-64\Lib\site-packages\requests\adapters.py:677: ConnectionError
---------------------------- Captured stdout call -----------------------------
[TEST] Auth Failure (Invalid Token)
_____________________________ test_govern_success _____________________________

self = <HTTPConnection(host='127.0.0.1', port=8000) at 0x18e524dcf50>

    def _new_conn(self) -> socket.socket:
        """Establish a socket connection and set nodelay settings on it.

        :return: New socket connection.
        """
        try:
>           sock = connection.create_connection(
                (self._dns_host, self.port),
                self.timeout,
                source_address=self.source_address,
                socket_options=self.socket_options,
            )

C:\Users\Mike\AppData\Local\Python\pythoncore-3.14-64\Lib\site-packages\urllib3\connection.py:204:
_ _ _ _ _ _ _ _ _ _ _ _ _ _ _ _ _ _ _ _ _ _ _ _ _ _ _ _ _ _ _ _ _ _ _ _ _ _ _ _
C:\Users\Mike\AppData\Local\Python\pythoncore-3.14-64\Lib\site-packages\urllib3\util\connection.py:85: in create_connection
    raise err
_ _ _ _ _ _ _ _ _ _ _ _ _ _ _ _ _ _ _ _ _ _ _ _ _ _ _ _ _ _ _ _ _ _ _ _ _ _ _ _

address = ('127.0.0.1', 8000), timeout = None, source_address = None
socket_options = [(6, 1, 1)]

    def create_connection(
        address: tuple[str, int],
        timeout: _TYPE_TIMEOUT = _DEFAULT_TIMEOUT,
        source_address: tuple[str, int] | None = None,
        socket_options: _TYPE_SOCKET_OPTIONS | None = None,
    ) -> socket.socket:
        """Connect to *address* and return the socket object.

        Convenience function.  Connect to *address* (a 2-tuple ``(host,
        port)``) and return the socket object.  Passing the optional
        *timeout* parameter will set the timeout on the socket instance
        before attempting to connect.  If no *timeout* is supplied, the
        global default timeout setting returned by :func:`socket.getdefaulttimeout`
        is used.  If *source_address* is set it must be a tuple of (host, port)
        for the socket to bind as a source address before making the connection.
        An host of '' or port 0 tells the OS to use the default.
        """

        host, port = address
        if host.startswith("["):
            host = host.strip("[]")
        err = None

        # Using the value from allowed_gai_family() in the context of getaddrinfo lets
        # us select whether to work with IPv4 DNS records, IPv6 records, or both.
        # The original create_connection function always returns all records.
        family = allowed_gai_family()

        try:
            host.encode("idna")
        except UnicodeError:
            raise LocationParseError(f"'{host}', label empty or too long") from None

        for res in socket.getaddrinfo(host, port, family, socket.SOCK_STREAM):
            af, socktype, proto, canonname, sa = res
            sock = None
            try:
                sock = socket.socket(af, socktype, proto)

                # If provided, set socket level options before connecting.
                _set_socket_options(sock, socket_options)

                if timeout is not _DEFAULT_TIMEOUT:
                    sock.settimeout(timeout)
                if source_address:
                    sock.bind(source_address)
>               sock.connect(sa)
E               ConnectionRefusedError: [WinError 10061] No connection could be made because the target machine actively refused it

C:\Users\Mike\AppData\Local\Python\pythoncore-3.14-64\Lib\site-packages\urllib3\util\connection.py:73: ConnectionRefusedError

The above exception was the direct cause of the following exception:

self = <urllib3.connectionpool.HTTPConnectionPool object at 0x0000018E524DF390>
method = 'POST', url = '/govern'
body = b'{"session_id": "sess_001", "text": "I am having trouble with the billing portal. It gives me error 500."}'
headers = {'User-Agent': 'python-requests/2.32.5', 'Accept-Encoding': 'gzip, deflate, zstd', 'Accept': '*/*', 'Connection': 'keep-alive', 'Authorization': 'Bearer sk_test_demo_client', 'Content-Length': '105', 'Content-Type': 'application/json'}
retries = Retry(total=0, connect=None, read=False, redirect=None, status=None)
redirect = False, assert_same_host = False
timeout = Timeout(connect=None, read=None, total=None), pool_timeout = None
release_conn = False, chunked = False, body_pos = None, preload_content = False
decode_content = False, response_kw = {}
parsed_url = Url(scheme=None, auth=None, host=None, port=None, path='/govern', query=None, fragment=None)
destination_scheme = None, conn = None, release_this_conn = True
http_tunnel_required = False, err = None, clean_exit = False

    def urlopen(  # type: ignore[override]
        self,
        method: str,
        url: str,
        body: _TYPE_BODY | None = None,
        headers: typing.Mapping[str, str] | None = None,
        retries: Retry | bool | int | None = None,
        redirect: bool = True,
        assert_same_host: bool = True,
        timeout: _TYPE_TIMEOUT = _DEFAULT_TIMEOUT,
        pool_timeout: int | None = None,
        release_conn: bool | None = None,
        chunked: bool = False,
        body_pos: _TYPE_BODY_POSITION | None = None,
        preload_content: bool = True,
        decode_content: bool = True,
        **response_kw: typing.Any,
    ) -> BaseHTTPResponse:
        """
        Get a connection from the pool and perform an HTTP request. This is the
        lowest level call for making a request, so you'll need to specify all
        the raw details.

        .. note::

           More commonly, it's appropriate to use a convenience method
           such as :meth:`request`.

        .. note::

           `release_conn` will only behave as expected if
           `preload_content=False` because we want to make
           `preload_content=False` the default behaviour someday soon without
           breaking backwards compatibility.

        :param method:
            HTTP request method (such as GET, POST, PUT, etc.)

        :param url:
            The URL to perform the request on.

        :param body:
            Data to send in the request body, either :class:`str`, :class:`bytes`,
            an iterable of :class:`str`/:class:`bytes`, or a file-like object.

        :param headers:
            Dictionary of custom headers to send, such as User-Agent,
            If-None-Match, etc. If None, pool headers are used. If provided,
            these headers completely replace any pool-specific headers.

        :param retries:
            Configure the number of retries to allow before raising a
            :class:`~urllib3.exceptions.MaxRetryError` exception.

            If ``None`` (default) will retry 3 times, see ``Retry.DEFAULT``. Pass a
            :class:`~urllib3.util.retry.Retry` object for fine-grained control
            over different types of retries.
            Pass an integer number to retry connection errors that many times,
            but no other types of errors. Pass zero to never retry.

            If ``False``, then retries are disabled and any exception is raised
            immediately. Also, instead of raising a MaxRetryError on redirects,
            the redirect response will be returned.

        :type retries: :class:`~urllib3.util.retry.Retry`, False, or an int.

        :param redirect:
            If True, automatically handle redirects (status codes 301, 302,
            303, 307, 308). Each redirect counts as a retry. Disabling retries
            will disable redirect, too.

        :param assert_same_host:
            If ``True``, will make sure that the host of the pool requests is
            consistent else will raise HostChangedError. When ``False``, you can
            use the pool on an HTTP proxy and request foreign hosts.

        :param timeout:
            If specified, overrides the default timeout for this one
            request. It may be a float (in seconds) or an instance of
            :class:`urllib3.util.Timeout`.

        :param pool_timeout:
            If set and the pool is set to block=True, then this method will
            block for ``pool_timeout`` seconds and raise EmptyPoolError if no
            connection is available within the time period.

        :param bool preload_content:
            If True, the response's body will be preloaded into memory.

        :param bool decode_content:
            If True, will attempt to decode the body based on the
            'content-encoding' header.

        :param release_conn:
            If False, then the urlopen call will not release the connection
            back into the pool once a response is received (but will release if
            you read the entire contents of the response such as when
            `preload_content=True`). This is useful if you're not preloading
            the response's content immediately. You will need to call
            ``r.release_conn()`` on the response ``r`` to return the connection
            back into the pool. If None, it takes the value of ``preload_content``
            which defaults to ``True``.

        :param bool chunked:
            If True, urllib3 will send the body using chunked transfer
            encoding. Otherwise, urllib3 will send the body using the standard
            content-length form. Defaults to False.

        :param int body_pos:
            Position to seek to in file-like body in the event of a retry or
            redirect. Typically this won't need to be set because urllib3 will
            auto-populate the value when needed.
        """
        parsed_url = parse_url(url)
        destination_scheme = parsed_url.scheme

        if headers is None:
            headers = self.headers

        if not isinstance(retries, Retry):
            retries = Retry.from_int(retries, redirect=redirect, default=self.retries)

        if release_conn is None:
            release_conn = preload_content

        # Check host
        if assert_same_host and not self.is_same_host(url):
            raise HostChangedError(self, url, retries)

        # Ensure that the URL we're connecting to is properly encoded
        if url.startswith("/"):
            url = to_str(_encode_target(url))
        else:
            url = to_str(parsed_url.url)

        conn = None

        # Track whether `conn` needs to be released before
        # returning/raising/recursing. Update this variable if necessary, and
        # leave `release_conn` constant throughout the function. That way, if
        # the function recurses, the original value of `release_conn` will be
        # passed down into the recursive call, and its value will be respected.
        #
        # See issue #651 [1] for details.
        #
        # [1] <https://github.com/urllib3/urllib3/issues/651>
        release_this_conn = release_conn

        http_tunnel_required = connection_requires_http_tunnel(
            self.proxy, self.proxy_config, destination_scheme
        )

        # Merge the proxy headers. Only done when not using HTTP CONNECT. We
        # have to copy the headers dict so we can safely change it without those
        # changes being reflected in anyone else's copy.
        if not http_tunnel_required:
            headers = headers.copy()  # type: ignore[attr-defined]
            headers.update(self.proxy_headers)  # type: ignore[union-attr]

        # Must keep the exception bound to a separate variable or else Python 3
        # complains about UnboundLocalError.
        err = None

        # Keep track of whether we cleanly exited the except block. This
        # ensures we do proper cleanup in finally.
        clean_exit = False

        # Rewind body position, if needed. Record current position
        # for future rewinds in the event of a redirect/retry.
        body_pos = set_file_position(body, body_pos)

        try:
            # Request a connection from the queue.
            timeout_obj = self._get_timeout(timeout)
            conn = self._get_conn(timeout=pool_timeout)

            conn.timeout = timeout_obj.connect_timeout  # type: ignore[assignment]

            # Is this a closed/new connection that requires CONNECT tunnelling?
            if self.proxy is not None and http_tunnel_required and conn.is_closed:
                try:
                    self._prepare_proxy(conn)
                except (BaseSSLError, OSError, SocketTimeout) as e:
                    self._raise_timeout(
                        err=e, url=self.proxy.url, timeout_value=conn.timeout
                    )
                    raise

            # If we're going to release the connection in ``finally:``, then
            # the response doesn't need to know about the connection. Otherwise
            # it will also try to release it and we'll have a double-release
            # mess.
            response_conn = conn if not release_conn else None

            # Make the request on the HTTPConnection object
>           response = self._make_request(
                conn,
                method,
                url,
                timeout=timeout_obj,
                body=body,
                headers=headers,
                chunked=chunked,
                retries=retries,
                response_conn=response_conn,
                preload_content=preload_content,
                decode_content=decode_content,
                **response_kw,
            )

C:\Users\Mike\AppData\Local\Python\pythoncore-3.14-64\Lib\site-packages\urllib3\connectionpool.py:787:
_ _ _ _ _ _ _ _ _ _ _ _ _ _ _ _ _ _ _ _ _ _ _ _ _ _ _ _ _ _ _ _ _ _ _ _ _ _ _ _
C:\Users\Mike\AppData\Local\Python\pythoncore-3.14-64\Lib\site-packages\urllib3\connectionpool.py:493: in _make_request
    conn.request(
C:\Users\Mike\AppData\Local\Python\pythoncore-3.14-64\Lib\site-packages\urllib3\connection.py:500: in request
    self.endheaders()
C:\Users\Mike\AppData\Local\Python\pythoncore-3.14-64\Lib\http\client.py:1353: in endheaders
    self._send_output(message_body, encode_chunked=encode_chunked)
C:\Users\Mike\AppData\Local\Python\pythoncore-3.14-64\Lib\http\client.py:1113: in _send_output
    self.send(msg)
C:\Users\Mike\AppData\Local\Python\pythoncore-3.14-64\Lib\http\client.py:1057: in send
    self.connect()
C:\Users\Mike\AppData\Local\Python\pythoncore-3.14-64\Lib\site-packages\urllib3\connection.py:331: in connect
    self.sock = self._new_conn()
                ^^^^^^^^^^^^^^^^
_ _ _ _ _ _ _ _ _ _ _ _ _ _ _ _ _ _ _ _ _ _ _ _ _ _ _ _ _ _ _ _ _ _ _ _ _ _ _ _

self = <HTTPConnection(host='127.0.0.1', port=8000) at 0x18e524dcf50>

    def _new_conn(self) -> socket.socket:
        """Establish a socket connection and set nodelay settings on it.

        :return: New socket connection.
        """
        try:
            sock = connection.create_connection(
                (self._dns_host, self.port),
                self.timeout,
                source_address=self.source_address,
                socket_options=self.socket_options,
            )
        except socket.gaierror as e:
            raise NameResolutionError(self.host, self, e) from e
        except SocketTimeout as e:
            raise ConnectTimeoutError(
                self,
                f"Connection to {self.host} timed out. (connect timeout={self.timeout})",
            ) from e

        except OSError as e:
>           raise NewConnectionError(
                self, f"Failed to establish a new connection: {e}"
            ) from e
E           urllib3.exceptions.NewConnectionError: HTTPConnection(host='127.0.0.1', port=8000): Failed to establish a new connection: [WinError 10061] No connection could be made because the target machine actively refused it

C:\Users\Mike\AppData\Local\Python\pythoncore-3.14-64\Lib\site-packages\urllib3\connection.py:219: NewConnectionError

The above exception was the direct cause of the following exception:

self = <requests.adapters.HTTPAdapter object at 0x0000018E524A7890>
request = <PreparedRequest [POST]>, stream = False
timeout = Timeout(connect=None, read=None, total=None), verify = True
cert = None, proxies = OrderedDict()

    def send(
        self, request, stream=False, timeout=None, verify=True, cert=None, proxies=None
    ):
        """Sends PreparedRequest object. Returns Response object.

        :param request: The :class:`PreparedRequest <PreparedRequest>` being sent.
        :param stream: (optional) Whether to stream the request content.
        :param timeout: (optional) How long to wait for the server to send
            data before giving up, as a float, or a :ref:`(connect timeout,
            read timeout) <timeouts>` tuple.
        :type timeout: float or tuple or urllib3 Timeout object
        :param verify: (optional) Either a boolean, in which case it controls whether
            we verify the server's TLS certificate, or a string, in which case it
            must be a path to a CA bundle to use
        :param cert: (optional) Any user-provided SSL certificate to be trusted.
        :param proxies: (optional) The proxies dictionary to apply to the request.
        :rtype: requests.Response
        """

        try:
            conn = self.get_connection_with_tls_context(
                request, verify, proxies=proxies, cert=cert
            )
        except LocationValueError as e:
            raise InvalidURL(e, request=request)

        self.cert_verify(conn, request.url, verify, cert)
        url = self.request_url(request, proxies)
        self.add_headers(
            request,
            stream=stream,
            timeout=timeout,
            verify=verify,
            cert=cert,
            proxies=proxies,
        )

[...]
                if status_count is not None:
                    status_count -= 1
                cause = ResponseError.SPECIFIC_ERROR.format(status_code=response.status)
                status = response.status

        history = self.history + (
            RequestHistory(method, url, error, status, redirect_location),
        )

        new_retry = self.new(
            total=total,
            connect=connect,
            read=read,
            redirect=redirect,
            status=status_count,
            other=other,
            history=history,
        )

        if new_retry.is_exhausted():
            reason = error or ResponseError(cause)
>           raise MaxRetryError(_pool, url, reason) from reason  # type: ignore[arg-type]
            ^^^^^^^^^^^^^^^^^^^^^^^^^^^^^^^^^^^^^^^^^^^^^^^^^^^
E           urllib3.exceptions.MaxRetryError: HTTPConnectionPool(host='127.0.0.1', port=8000): Max retries exceeded with url: /govern (Caused by NewConnectionError("HTTPConnection(host='127.0.0.1', port=8000): Failed to establish a new connection: [WinError 10061] No connection could be made because the target machine actively refused it"))

C:\Users\Mike\AppData\Local\Python\pythoncore-3.14-64\Lib\site-packages\urllib3\util\retry.py:519: MaxRetryError

During handling of the above exception, another exception occurred:

    def test_govern_block():
        print("[TEST] Govern Block (Chaos/Bot Text)")
        headers = {"Authorization": f"Bearer {VALID_TOKEN}"}
        # Bot/Chaos (Entropy Low or High)
        payload = {
            "session_id": "sess_002",
            "text": "Repeat Repeat Repeat Repeat Repeat Repeat " * 10
        }
>       resp = requests.post(f"{BASE_URL}/govern", json=payload, headers=headers)
               ^^^^^^^^^^^^^^^^^^^^^^^^^^^^^^^^^^^^^^^^^^^^^^^^^^^^^^^^^^^^^^^^^^

tests\test_api_flow.py:64:
_ _ _ _ _ _ _ _ _ _ _ _ _ _ _ _ _ _ _ _ _ _ _ _ _ _ _ _ _ _ _ _ _ _ _ _ _ _ _ _
C:\Users\Mike\AppData\Local\Python\pythoncore-3.14-64\Lib\site-packages\requests\api.py:115: in post
    return request("post", url, data=data, json=json, **kwargs)
           ^^^^^^^^^^^^^^^^^^^^^^^^^^^^^^^^^^^^^^^^^^^^^^^^^^^^
C:\Users\Mike\AppData\Local\Python\pythoncore-3.14-64\Lib\site-packages\requests\api.py:59: in request
    return session.request(method=method, url=url, **kwargs)
           ^^^^^^^^^^^^^^^^^^^^^^^^^^^^^^^^^^^^^^^^^^^^^^^^^
C:\Users\Mike\AppData\Local\Python\pythoncore-3.14-64\Lib\site-packages\requests\sessions.py:589: in request
    resp = self.send(prep, **send_kwargs)
           ^^^^^^^^^^^^^^^^^^^^^^^^^^^^^^
C:\Users\Mike\AppData\Local\Python\pythoncore-3.14-64\Lib\site-packages\requests\sessions.py:703: in send
    r = adapter.send(request, **kwargs)
        ^^^^^^^^^^^^^^^^^^^^^^^^^^^^^^^
_ _ _ _ _ _ _ _ _ _ _ _ _ _ _ _ _ _ _ _ _ _ _ _ _ _ _ _ _ _ _ _ _ _ _ _ _ _ _ _

self = <requests.adapters.HTTPAdapter object at 0x0000018E525A1040>
request = <PreparedRequest [POST]>, stream = False
timeout = Timeout(connect=None, read=None, total=None), verify = True
cert = None, proxies = OrderedDict()

    def send(
        self, request, stream=False, timeout=None, verify=True, cert=None, proxies=None
    ):
        """Sends PreparedRequest object. Returns Response object.

        :param request: The :class:`PreparedRequest <PreparedRequest>` being sent.
        :param stream: (optional) Whether to stream the request content.
        :param timeout: (optional) How long to wait for the server to send
            data before giving up, as a float, or a :ref:`(connect timeout,
            read timeout) <timeouts>` tuple.
        :type timeout: float or tuple or urllib3 Timeout object
        :param verify: (optional) Either a boolean, in which case it controls whether
            we verify the server's TLS certificate, or a string, in which case it
            must be a path to a CA bundle to use
        :param cert: (optional) Any user-provided SSL certificate to be trusted.
        :param proxies: (optional) The proxies dictionary to apply to the request.
        :rtype: requests.Response
        """

        try:
            conn = self.get_connection_with_tls_context(
                request, verify, proxies=proxies, cert=cert
            )
        except LocationValueError as e:
            raise InvalidURL(e, request=request)

        self.cert_verify(conn, request.url, verify, cert)
        url = self.request_url(request, proxies)
        self.add_headers(
            request,
            stream=stream,
            timeout=timeout,
            verify=verify,
            cert=cert,
            proxies=proxies,
        )

        chunked = not (request.body is None or "Content-Length" in request.headers)

        if isinstance(timeout, tuple):
            try:
                connect, read = timeout
                timeout = TimeoutSauce(connect=connect, read=read)
            except ValueError:
                raise ValueError(
                    f"Invalid timeout {timeout}. Pass a (connect, read) timeout tuple, "
                    f"or a single float to set both timeouts to the same value."
                )
        elif isinstance(timeout, TimeoutSauce):
            pass
        else:
            timeout = TimeoutSauce(connect=timeout, read=timeout)

        try:
            resp = conn.urlopen(
                method=request.method,
                url=url,
                body=request.body,
                headers=request.headers,
                redirect=False,
                assert_same_host=False,
                preload_content=False,
                decode_content=False,
                retries=self.max_retries,
                timeout=timeout,
                chunked=chunked,
            )

        except (ProtocolError, OSError) as err:
            raise ConnectionError(err, request=request)

        except MaxRetryError as e:
            if isinstance(e.reason, ConnectTimeoutError):
                # TODO: Remove this in 3.0.0: see #2811
                if not isinstance(e.reason, NewConnectionError):
                    raise ConnectTimeout(e, request=request)

            if isinstance(e.reason, ResponseError):
                raise RetryError(e, request=request)

            if isinstance(e.reason, _ProxyError):
                raise ProxyError(e, request=request)

            if isinstance(e.reason, _SSLError):
                # This branch is for urllib3 v1.22 and later.
                raise SSLError(e, request=request)

>           raise ConnectionError(e, request=request)
E           requests.exceptions.ConnectionError: HTTPConnectionPool(host='127.0.0.1', port=8000): Max retries exceeded with url: /govern (Caused by NewConnectionError("HTTPConnection(host='127.0.0.1', port=8000): Failed to establish a new connection: [WinError 10061] No connection could be made because the target machine actively refused it"))

C:\Users\Mike\AppData\Local\Python\pythoncore-3.14-64\Lib\site-packages\requests\adapters.py:677: ConnectionError
---------------------------- Captured stdout call -----------------------------
[TEST] Govern Block (Chaos/Bot Text)
________________ TestApiIntegration.test_govern_allow_context _________________

self = <test_api_integration.TestApiIntegration testMethod=test_govern_allow_context>

    def test_govern_allow_context(self):
        # Valid Context (FL Reg present)
        payload = {
            "session_id": "test_api_1",
            "text": "Hello, I am ready for the consultation.",
            "context": {
                "patient_state": "FL",
                "provider_home_state": "NY",
                "provider_type": "MD",
                "service_mode": "video",
                "telehealth_registration_number": "TPMC999"
            }
        }
        response = self.client.post("/govern", json=payload, headers=self.auth_headers)
        self.assertEqual(response.status_code, 200)
        res = response.json()
>       self.assertEqual(res["compliance_verdict"], "ALLOW")
E       AssertionError: 'DENY' != 'ALLOW'
E       - DENY
E       + ALLOW

tests\test_api_integration.py:33: AssertionError
---------------------------- Captured stdout call -----------------------------
[BILLING] Client: client_demo | Cost: $0.0000 | Zone: RED
__________________ TestApiIntegration.test_strip_log_via_api __________________

self = <test_api_integration.TestApiIntegration testMethod=test_strip_log_via_api>

    def test_strip_log_via_api(self):
        # DSM Content
        payload = {
            "session_id": "test_api_3",
            "text": "Checking DSM.",
            "context": {
                "patient_state": "CA",
                "standard": "DSM",
                "dsm_excerpt": "Code 123"
            }
        }
        response = self.client.post("/govern", json=payload, headers=self.auth_headers)
        self.assertEqual(response.status_code, 200)
        res = response.json()
>       self.assertEqual(res["compliance_verdict"], "ALLOW")
E       AssertionError: 'DENY' != 'ALLOW'
E       - DENY
E       + ALLOW

tests\test_api_integration.py:68: AssertionError
---------------------------- Captured stdout call -----------------------------
[BILLING] Client: client_demo | Cost: $0.0000 | Zone: RED
_________________ TestComplianceHarness.test_fl_registration __________________

self = <test_compliance_harness.TestComplianceHarness testMethod=test_fl_registration>

    def test_fl_registration(self):
        """Verify FL registration rules still apply."""
        ctx = {
            "patient_state": "FL",
            "provider_home_state": "NY",
            "provider_type": "MD",
            "service_mode": "video"
        }
        res = self.engine.evaluate(ctx)
        self.assertEqual(res.verdict, "DENY")

        # Add registration
        ctx["telehealth_registration_number"] = "T-123"
        res2 = self.engine.evaluate(ctx)
>       self.assertEqual(res2.verdict, "ALLOW")
E       AssertionError: 'DENY' != 'ALLOW'
E       - DENY
E       + ALLOW

tests\test_compliance_harness.py:74: AssertionError
________________ TestLedgerWiring.test_governor_records_events ________________

self = <test_ledger_wiring.TestLedgerWiring testMethod=test_governor_records_events>

    def test_governor_records_events(self):
        # Inject test ledger path by patching Ledger init or just swapping it after init?
        # Governor creates Ledger() which defaults to "usage_ledger.jsonl".
        # We need to override. Since we can't easily inject, let's subclass or patch.
        # Patching is cleaner.

        with unittest.mock.patch('src.governor.telehealth_governor.MoaUsageLedger') as MockLedgerCls:
            # We want actual logic, so side_effect to return a real ledger with our path
            def create_real_ledger(*args, **kwargs):
                return MoaUsageLedger(ledger_path=self.test_ledger)

            MockLedgerCls.side_effect = create_real_ledger

            gov = TelehealthGovernor()

            # 1. Trigger Eval (DSM Content -> ip_redaction)
            ctx = {
                "patient_state": "CA",
                "standard": "DSM",
                "dsm_excerpt": "Some proprietary text"
            }
            res = gov.process_interaction("sess_1", "Test Input", context=ctx)

            # Check Result
>           self.assertEqual(res.compliance_verdict, "ALLOW")
E           AssertionError: 'DENY' != 'ALLOW'
E           - DENY
E           + ALLOW

tests\test_ledger_wiring.py:53: AssertionError
============================== slowest durations ==============================
2.04s call     moa_telehealth_governor/tests/test_api_flow.py::test_health
2.03s call     moa_telehealth_governor/tests/test_api_flow.py::test_govern_success
2.03s call     moa_telehealth_governor/tests/test_api_flow.py::test_auth_failure
2.03s call     moa_telehealth_governor/tests/test_api_flow.py::test_govern_block
0.03s call     moa_telehealth_governor/tests/test_api_integration.py::TestApiIntegration::test_strip_log_via_api
0.02s call     moa_telehealth_governor/tests/test_ledger_wiring.py::TestLedgerWiring::test_governor_records_events
0.01s call     moa_telehealth_governor/tests/test_api_integration.py::TestApiIntegration::test_govern_deny_context
0.01s call     moa_telehealth_governor/tests/test_audit_logger.py::TestAuditLogger::test_end_to_end_logging
0.01s call     moa_telehealth_governor/tests/test_api_integration.py::TestApiIntegration::test_govern_allow_context
0.00s call     moa_telehealth_governor/tests/test_api_integration.py::TestApiIntegration::test_health
0.00s call     moa_telehealth_governor/tests/test_monetization.py::TestMonetizationComponents::test_mcp_tools
0.00s call     moa_telehealth_governor/tests/test_compliance_harness.py::TestComplianceHarness::test_icd10_validation_invalid
0.00s call     moa_telehealth_governor/tests/test_compliance_harness.py::TestComplianceHarness::test_icd10_validation_valid
0.00s call     moa_telehealth_governor/tests/test_compliance_harness.py::TestComplianceHarness::test_fl_registration
0.00s setup    moa_telehealth_governor/tests/test_monetization.py::TestMonetizationComponents::test_billing_hook
0.00s call     moa_telehealth_governor/tests/test_monetization.py::TestMonetizationComponents::test_billing_hook
0.00s teardown moa_telehealth_governor/tests/test_api_flow.py::test_auth_failure
0.00s setup    moa_telehealth_governor/tests/test_api_integration.py::TestApiIntegration::test_govern_allow_context
0.00s call     moa_telehealth_governor/tests/test_compliance_harness.py::TestComplianceHarness::test_pos_logic_clinic
0.00s teardown moa_telehealth_governor/tests/test_ledger_wiring.py::TestLedgerWiring::test_governor_records_events
0.00s call     moa_telehealth_governor/tests/test_compliance_harness.py::TestComplianceHarness::test_pos_logic_home
0.00s setup    moa_telehealth_governor/tests/test_compliance_harness.py::TestComplianceHarness::test_fl_registration
0.00s setup    moa_telehealth_governor/tests/test_audit_logger.py::TestAuditLogger::test_end_to_end_logging
0.00s setup    moa_telehealth_governor/tests/test_api_flow.py::test_health
0.00s setup    moa_telehealth_governor/tests/test_monetization.py::TestMonetizationComponents::test_phi_guard_detection
0.00s setup    moa_telehealth_governor/tests/test_monetization.py::TestMonetizationComponents::test_mcp_tools
0.00s teardown moa_telehealth_governor/tests/test_api_integration.py::TestApiIntegration::test_strip_log_via_api
0.00s setup    moa_telehealth_governor/tests/test_monetization.py::TestMonetizationComponents::test_phi_guard_clean
0.00s teardown moa_telehealth_governor/tests/test_api_flow.py::test_health
0.00s setup    moa_telehealth_governor/tests/test_api_flow.py::test_govern_success
0.00s call     moa_telehealth_governor/tests/test_monetization.py::TestMonetizationComponents::test_phi_guard_clean
0.00s setup    moa_telehealth_governor/tests/test_ledger_wiring.py::TestLedgerWiring::test_governor_records_events
0.00s setup    moa_telehealth_governor/tests/test_compliance_harness.py::TestComplianceHarness::test_icd10_validation_invalid
0.00s call     moa_telehealth_governor/tests/test_monetization.py::TestMonetizationComponents::test_phi_guard_detection
0.00s teardown moa_telehealth_governor/tests/test_api_flow.py::test_govern_success
0.00s teardown moa_telehealth_governor/tests/test_audit_logger.py::TestAuditLogger::test_end_to_end_logging
0.00s setup    moa_telehealth_governor/tests/test_compliance_harness.py::TestComplianceHarness::test_icd10_validation_valid
0.00s teardown moa_telehealth_governor/tests/test_api_flow.py::test_govern_block
0.00s setup    moa_telehealth_governor/tests/test_api_integration.py::TestApiIntegration::test_health
0.00s teardown moa_telehealth_governor/tests/test_compliance_harness.py::TestComplianceHarness::test_fl_registration
0.00s teardown moa_telehealth_governor/tests/test_monetization.py::TestMonetizationComponents::test_mcp_tools
0.00s setup    moa_telehealth_governor/tests/test_api_integration.py::TestApiIntegration::test_strip_log_via_api
0.00s setup    moa_telehealth_governor/tests/test_api_integration.py::TestApiIntegration::test_govern_deny_context
0.00s teardown moa_telehealth_governor/tests/test_monetization.py::TestMonetizationComponents::test_billing_hook
0.00s teardown moa_telehealth_governor/tests/test_monetization.py::TestMonetizationComponents::test_phi_guard_clean
0.00s setup    moa_telehealth_governor/tests/test_compliance_harness.py::TestComplianceHarness::test_pos_logic_clinic
0.00s setup    moa_telehealth_governor/tests/test_compliance_harness.py::TestComplianceHarness::test_pos_logic_home
0.00s setup    moa_telehealth_governor/tests/test_api_flow.py::test_auth_failure
0.00s setup    moa_telehealth_governor/tests/test_api_flow.py::test_govern_block
0.00s teardown moa_telehealth_governor/tests/test_api_integration.py::TestApiIntegration::test_govern_deny_context
0.00s teardown moa_telehealth_governor/tests/test_monetization.py::TestMonetizationComponents::test_phi_guard_detection
0.00s teardown moa_telehealth_governor/tests/test_api_integration.py::TestApiIntegration::test_govern_allow_context
0.00s teardown moa_telehealth_governor/tests/test_compliance_harness.py::TestComplianceHarness::test_pos_logic_home
0.00s teardown moa_telehealth_governor/tests/test_compliance_harness.py::TestComplianceHarness::test_icd10_validation_invalid
0.00s teardown moa_telehealth_governor/tests/test_api_integration.py::TestApiIntegration::test_health
0.00s teardown moa_telehealth_governor/tests/test_compliance_harness.py::TestComplianceHarness::test_icd10_validation_valid
0.00s teardown moa_telehealth_governor/tests/test_compliance_harness.py::TestComplianceHarness::test_pos_logic_clinic
=========================== short test summary info ===========================
FAILED tests\test_api_flow.py::test_health - SystemExit: 1
FAILED tests\test_api_flow.py::test_auth_failure - requests.exceptions.ConnectionError: HTTPConnectionPool(host='127.0.0.1', port=8000): Max retries exceeded with url: /govern (Caused by NewConnectionError("HTTPConnection(host='127.0.0.1', port=8000): Failed to establish a new connection: [WinError 10061] No connection could be made because the target machine actively refused it"))
FAILED tests\test_api_flow.py::test_govern_success - requests.exceptions.ConnectionError: HTTPConnectionPool(host='127.0.0.1', port=8000): Max retries exceeded with url: /govern (Caused by NewConnectionError("HTTPConnection(host='127.0.0.1', port=8000): Failed to establish a new connection: [WinError 10061] No connection could be made because the target machine actively refused it"))
FAILED tests\test_api_flow.py::test_govern_block - requests.exceptions.ConnectionError: HTTPConnectionPool(host='127.0.0.1', port=8000): Max retries exceeded with url: /govern (Caused by NewConnectionError("HTTPConnection(host='127.0.0.1', port=8000): Failed to establish a new connection: [WinError 10061] No connection could be made because the target machine actively refused it"))
FAILED tests\test_api_integration.py::TestApiIntegration::test_govern_allow_context - AssertionError: 'DENY' != 'ALLOW'
- DENY
+ ALLOW
FAILED tests\test_api_integration.py::TestApiIntegration::test_strip_log_via_api - AssertionError: 'DENY' != 'ALLOW'
- DENY
+ ALLOW
FAILED tests\test_compliance_harness.py::TestComplianceHarness::test_fl_registration - AssertionError: 'DENY' != 'ALLOW'
- DENY
+ ALLOW
FAILED tests\test_ledger_wiring.py::TestLedgerWiring::test_governor_records_events - AssertionError: 'DENY' != 'ALLOW'
- DENY
+ ALLOW
======================== 8 failed, 11 passed in 10.56s ========================
